[debug] [2022-10-14T22:15:39.221Z] ----------------------------------------------------------------------
[debug] [2022-10-14T22:15:39.222Z] Command:       /opt/homebrew/Cellar/node/16.6.0/bin/node /opt/homebrew/bin/firebase deploy --only functions:addPatientToEclinicalPuppeteer
[debug] [2022-10-14T22:15:39.222Z] CLI Version:   11.8.0
[debug] [2022-10-14T22:15:39.222Z] Platform:      darwin
[debug] [2022-10-14T22:15:39.222Z] Node Version:  v16.6.0
[debug] [2022-10-14T22:15:39.223Z] Time:          Fri Oct 14 2022 15:15:39 GMT-0700 (Mountain Standard Time)
[debug] [2022-10-14T22:15:39.223Z] ----------------------------------------------------------------------
[debug] 
[debug] [2022-10-14T22:15:39.262Z] > command requires scopes: ["email","openid","https://www.googleapis.com/auth/cloudplatformprojects.readonly","https://www.googleapis.com/auth/firebase","https://www.googleapis.com/auth/cloud-platform"]
[debug] [2022-10-14T22:15:39.262Z] > authorizing via signed-in user (amaaz5151@gmail.com)
[debug] [2022-10-14T22:15:39.262Z] [iam] checking project ama-app-a5e7b for permissions ["cloudfunctions.functions.create","cloudfunctions.functions.delete","cloudfunctions.functions.get","cloudfunctions.functions.list","cloudfunctions.functions.update","cloudfunctions.operations.get","firebase.projects.get"]
[debug] [2022-10-14T22:15:39.263Z] >>> [apiv2][query] POST https://cloudresourcemanager.googleapis.com/v1/projects/ama-app-a5e7b:testIamPermissions [none]
[debug] [2022-10-14T22:15:39.263Z] >>> [apiv2][(partial)header] POST https://cloudresourcemanager.googleapis.com/v1/projects/ama-app-a5e7b:testIamPermissions x-goog-quota-user=projects/ama-app-a5e7b
[debug] [2022-10-14T22:15:39.263Z] >>> [apiv2][body] POST https://cloudresourcemanager.googleapis.com/v1/projects/ama-app-a5e7b:testIamPermissions {"permissions":["cloudfunctions.functions.create","cloudfunctions.functions.delete","cloudfunctions.functions.get","cloudfunctions.functions.list","cloudfunctions.functions.update","cloudfunctions.operations.get","firebase.projects.get"]}
[debug] [2022-10-14T22:15:39.579Z] <<< [apiv2][status] POST https://cloudresourcemanager.googleapis.com/v1/projects/ama-app-a5e7b:testIamPermissions 200
[debug] [2022-10-14T22:15:39.579Z] <<< [apiv2][body] POST https://cloudresourcemanager.googleapis.com/v1/projects/ama-app-a5e7b:testIamPermissions {"permissions":["cloudfunctions.functions.create","cloudfunctions.functions.delete","cloudfunctions.functions.get","cloudfunctions.functions.list","cloudfunctions.functions.update","cloudfunctions.operations.get","firebase.projects.get"]}
[debug] [2022-10-14T22:15:39.579Z] >>> [apiv2][query] POST https://iam.googleapis.com/v1/projects/ama-app-a5e7b/serviceAccounts/ama-app-a5e7b@appspot.gserviceaccount.com:testIamPermissions [none]
[debug] [2022-10-14T22:15:39.579Z] >>> [apiv2][body] POST https://iam.googleapis.com/v1/projects/ama-app-a5e7b/serviceAccounts/ama-app-a5e7b@appspot.gserviceaccount.com:testIamPermissions {"permissions":["iam.serviceAccounts.actAs"]}
[debug] [2022-10-14T22:15:39.746Z] <<< [apiv2][status] POST https://iam.googleapis.com/v1/projects/ama-app-a5e7b/serviceAccounts/ama-app-a5e7b@appspot.gserviceaccount.com:testIamPermissions 200
[debug] [2022-10-14T22:15:39.746Z] <<< [apiv2][body] POST https://iam.googleapis.com/v1/projects/ama-app-a5e7b/serviceAccounts/ama-app-a5e7b@appspot.gserviceaccount.com:testIamPermissions {"permissions":["iam.serviceAccounts.actAs"]}
[info] 
[info] === Deploying to 'ama-app-a5e7b'...
[info] 
[info] i  deploying functions 
[debug] [2022-10-14T22:15:39.748Z] >>> [apiv2][query] GET https://firebase.googleapis.com/v1beta1/projects/ama-app-a5e7b [none]
[debug] [2022-10-14T22:15:40.047Z] <<< [apiv2][status] GET https://firebase.googleapis.com/v1beta1/projects/ama-app-a5e7b 200
[debug] [2022-10-14T22:15:40.047Z] <<< [apiv2][body] GET https://firebase.googleapis.com/v1beta1/projects/ama-app-a5e7b {"projectId":"ama-app-a5e7b","projectNumber":"137084495352","displayName":"AMA-app","name":"projects/ama-app-a5e7b","resources":{"hostingSite":"ama-app-a5e7b","storageBucket":"ama-app-a5e7b.appspot.com","locationId":"us-central"},"state":"ACTIVE","etag":"1_8e6d9a00-73ab-483f-b60b-06d06a39ad6d"}
[info] i  functions: ensuring required API cloudfunctions.googleapis.com is enabled... 
[info] i  functions: ensuring required API cloudbuild.googleapis.com is enabled... 
[info] i  artifactregistry: ensuring required API artifactregistry.googleapis.com is enabled... 
[debug] [2022-10-14T22:15:40.047Z] >>> [apiv2][query] GET https://serviceusage.googleapis.com/v1/projects/ama-app-a5e7b/services/cloudfunctions.googleapis.com [none]
[debug] [2022-10-14T22:15:40.048Z] >>> [apiv2][query] GET https://serviceusage.googleapis.com/v1/projects/ama-app-a5e7b/services/runtimeconfig.googleapis.com [none]
[debug] [2022-10-14T22:15:40.049Z] >>> [apiv2][query] GET https://serviceusage.googleapis.com/v1/projects/ama-app-a5e7b/services/cloudbuild.googleapis.com [none]
[debug] [2022-10-14T22:15:40.049Z] >>> [apiv2][query] GET https://serviceusage.googleapis.com/v1/projects/ama-app-a5e7b/services/artifactregistry.googleapis.com [none]
[debug] [2022-10-14T22:15:40.687Z] <<< [apiv2][status] GET https://serviceusage.googleapis.com/v1/projects/ama-app-a5e7b/services/artifactregistry.googleapis.com 200
[debug] [2022-10-14T22:15:40.687Z] <<< [apiv2][body] GET https://serviceusage.googleapis.com/v1/projects/ama-app-a5e7b/services/artifactregistry.googleapis.com [omitted]
[info] ✔  artifactregistry: required API artifactregistry.googleapis.com is enabled 
[debug] [2022-10-14T22:15:40.702Z] <<< [apiv2][status] GET https://serviceusage.googleapis.com/v1/projects/ama-app-a5e7b/services/runtimeconfig.googleapis.com 200
[debug] [2022-10-14T22:15:40.702Z] <<< [apiv2][body] GET https://serviceusage.googleapis.com/v1/projects/ama-app-a5e7b/services/runtimeconfig.googleapis.com [omitted]
[debug] [2022-10-14T22:15:40.705Z] <<< [apiv2][status] GET https://serviceusage.googleapis.com/v1/projects/ama-app-a5e7b/services/cloudfunctions.googleapis.com 200
[debug] [2022-10-14T22:15:40.705Z] <<< [apiv2][body] GET https://serviceusage.googleapis.com/v1/projects/ama-app-a5e7b/services/cloudfunctions.googleapis.com [omitted]
[info] ✔  functions: required API cloudfunctions.googleapis.com is enabled 
[debug] [2022-10-14T22:15:40.706Z] <<< [apiv2][status] GET https://serviceusage.googleapis.com/v1/projects/ama-app-a5e7b/services/cloudbuild.googleapis.com 200
[debug] [2022-10-14T22:15:40.706Z] <<< [apiv2][body] GET https://serviceusage.googleapis.com/v1/projects/ama-app-a5e7b/services/cloudbuild.googleapis.com [omitted]
[info] ✔  functions: required API cloudbuild.googleapis.com is enabled 
[debug] [2022-10-14T22:15:40.706Z] >>> [apiv2][query] GET https://firebase.googleapis.com/v1beta1/projects/ama-app-a5e7b/adminSdkConfig [none]
[debug] [2022-10-14T22:15:40.981Z] <<< [apiv2][status] GET https://firebase.googleapis.com/v1beta1/projects/ama-app-a5e7b/adminSdkConfig 200
[debug] [2022-10-14T22:15:40.981Z] <<< [apiv2][body] GET https://firebase.googleapis.com/v1beta1/projects/ama-app-a5e7b/adminSdkConfig {"projectId":"ama-app-a5e7b","storageBucket":"ama-app-a5e7b.appspot.com","locationId":"us-central"}
[debug] [2022-10-14T22:15:40.982Z] >>> [apiv2][query] GET https://runtimeconfig.googleapis.com/v1beta1/projects/ama-app-a5e7b/configs [none]
[debug] [2022-10-14T22:15:41.274Z] <<< [apiv2][status] GET https://runtimeconfig.googleapis.com/v1beta1/projects/ama-app-a5e7b/configs 200
[debug] [2022-10-14T22:15:41.274Z] <<< [apiv2][body] GET https://runtimeconfig.googleapis.com/v1beta1/projects/ama-app-a5e7b/configs {"configs":[{"name":"projects/ama-app-a5e7b/configs/twilio"}]}
[debug] [2022-10-14T22:15:41.275Z] >>> [apiv2][query] GET https://runtimeconfig.googleapis.com/v1beta1/projects/ama-app-a5e7b/configs/twilio/variables [none]
[debug] [2022-10-14T22:15:41.476Z] <<< [apiv2][status] GET https://runtimeconfig.googleapis.com/v1beta1/projects/ama-app-a5e7b/configs/twilio/variables 200
[debug] [2022-10-14T22:15:41.476Z] <<< [apiv2][body] GET https://runtimeconfig.googleapis.com/v1beta1/projects/ama-app-a5e7b/configs/twilio/variables {"variables":[{"name":"projects/ama-app-a5e7b/configs/twilio/variables/token","updateTime":"2022-07-25T22:05:17.597685240Z"},{"name":"projects/ama-app-a5e7b/configs/twilio/variables/sid","updateTime":"2022-07-25T22:05:17.701229961Z"}]}
[debug] [2022-10-14T22:15:41.476Z] >>> [apiv2][query] GET https://runtimeconfig.googleapis.com/v1beta1/projects/ama-app-a5e7b/configs/twilio/variables/token [none]
[debug] [2022-10-14T22:15:41.477Z] >>> [apiv2][query] GET https://runtimeconfig.googleapis.com/v1beta1/projects/ama-app-a5e7b/configs/twilio/variables/sid [none]
[debug] [2022-10-14T22:15:41.666Z] <<< [apiv2][status] GET https://runtimeconfig.googleapis.com/v1beta1/projects/ama-app-a5e7b/configs/twilio/variables/token 200
[debug] [2022-10-14T22:15:41.666Z] <<< [apiv2][body] GET https://runtimeconfig.googleapis.com/v1beta1/projects/ama-app-a5e7b/configs/twilio/variables/token {"name":"projects/ama-app-a5e7b/configs/twilio/variables/token","updateTime":"2022-07-25T22:05:17.597685240Z","text":"04f778cb513d4264c235d062a24b16ac"}
[debug] [2022-10-14T22:15:41.682Z] <<< [apiv2][status] GET https://runtimeconfig.googleapis.com/v1beta1/projects/ama-app-a5e7b/configs/twilio/variables/sid 200
[debug] [2022-10-14T22:15:41.682Z] <<< [apiv2][body] GET https://runtimeconfig.googleapis.com/v1beta1/projects/ama-app-a5e7b/configs/twilio/variables/sid {"name":"projects/ama-app-a5e7b/configs/twilio/variables/sid","updateTime":"2022-07-25T22:05:17.701229961Z","text":"AC7a9ba0ddb353781ffd3cb79bc63c58ed"}
[info] i  functions: preparing codebase default for deployment 
[debug] [2022-10-14T22:15:41.684Z] Validating nodejs source
[warn] ⚠  functions: package.json indicates an outdated version of firebase-functions. Please upgrade using npm install --save firebase-functions@latest in your functions directory. 
[warn] ⚠  functions: Please note that there will be breaking changes when you upgrade. 
[debug] [2022-10-14T22:15:42.928Z] > [functions] package.json contents: {
  "name": "functions",
  "description": "Cloud Functions for Firebase",
  "scripts": {
    "serve": "firebase emulators:start --only functions",
    "shell": "firebase functions:shell",
    "start": "npm run shell",
    "deploy": "firebase deploy --only functions",
    "logs": "firebase functions:log"
  },
  "engines": {
    "node": "14"
  },
  "main": "index.js",
  "dependencies": {
    "chromedriver": "^104.0.0",
    "cors": "^2.8.5",
    "firebase-admin": "^9.8.0",
    "firebase-functions": "^3.14.1",
    "puppeteer": "^16.2.0",
    "selenium-webdriver": "^4.4.0",
    "twilio": "^3.78.0"
  },
  "devDependencies": {
    "firebase-functions-test": "^0.2.0"
  },
  "private": true
}
[debug] [2022-10-14T22:15:42.928Z] Building nodejs source
[debug] [2022-10-14T22:15:42.929Z] Could not find functions.yaml. Must use http discovery
[debug] [2022-10-14T22:15:43.053Z] Serving at port 9005

[debug] [2022-10-14T22:15:43.255Z] Got response from /__/functions.yaml {"endpoints":{"helloWorld":{"platform":"gcfv1","labels":{},"callableTrigger":{},"entryPoint":"helloWorld"},"sendMessage":{"platform":"gcfv1","labels":{},"callableTrigger":{},"entryPoint":"sendMessage"},"addPatientToEclinical":{"platform":"gcfv1","labels":{},"callableTrigger":{},"entryPoint":"addPatientToEclinical"},"addPatientToEclinicalPuppeteer":{"platform":"gcfv1","labels":{},"timeoutSeconds":540,"availableMemoryMb":2048,"callableTrigger":{},"entryPoint":"addPatientToEclinicalPuppeteer"}},"specVersion":"v1alpha1","requiredAPIs":[]}
[debug] [2022-10-14T22:15:43.261Z] shutdown requested via /__/quitquitquit

[info] i  functions: preparing functions directory for uploading... 
[info] i  functions: packaged /Users/zachrizzo/ama_empoyee_website/functions (85.5 KB) for uploading 
[debug] [2022-10-14T22:15:43.293Z] >>> [apiv2][query] GET https://cloudfunctions.googleapis.com/v1/projects/ama-app-a5e7b/locations/-/functions [none]
[debug] [2022-10-14T22:15:43.847Z] <<< [apiv2][status] GET https://cloudfunctions.googleapis.com/v1/projects/ama-app-a5e7b/locations/-/functions 200
[debug] [2022-10-14T22:15:43.847Z] <<< [apiv2][body] GET https://cloudfunctions.googleapis.com/v1/projects/ama-app-a5e7b/locations/-/functions {"functions":[{"name":"projects/ama-app-a5e7b/locations/us-central1/functions/addPatientToEclinical","httpsTrigger":{"url":"https://us-central1-ama-app-a5e7b.cloudfunctions.net/addPatientToEclinical","securityLevel":"SECURE_OPTIONAL"},"status":"ACTIVE","entryPoint":"addPatientToEclinical","timeout":"60s","availableMemoryMb":256,"serviceAccountEmail":"ama-app-a5e7b@appspot.gserviceaccount.com","updateTime":"2022-09-27T23:39:24.548Z","versionId":"12","labels":{"deployment-tool":"cli-firebase","deployment-callable":"true"},"sourceUploadUrl":"https://storage.googleapis.com/uploads-168178294821.us-central1.cloudfunctions.appspot.com/57366705-6468-4918-9b55-5cdb576e0565.zip","environmentVariables":{"FIREBASE_CONFIG":"{\"projectId\":\"ama-app-a5e7b\",\"storageBucket\":\"ama-app-a5e7b.appspot.com\",\"locationId\":\"us-central\"}","GCLOUD_PROJECT":"ama-app-a5e7b"},"runtime":"nodejs14","ingressSettings":"ALLOW_ALL","buildId":"6ff13967-08d7-41a0-b425-ee82f150c8ec","buildName":"projects/137084495352/locations/us-central1/builds/6ff13967-08d7-41a0-b425-ee82f150c8ec","dockerRegistry":"ARTIFACT_REGISTRY"},{"name":"projects/ama-app-a5e7b/locations/us-central1/functions/addPatientToEclinicalPuppeteer","httpsTrigger":{"url":"https://us-central1-ama-app-a5e7b.cloudfunctions.net/addPatientToEclinicalPuppeteer","securityLevel":"SECURE_ALWAYS"},"status":"ACTIVE","entryPoint":"addPatientToEclinicalPuppeteer","timeout":"540s","availableMemoryMb":2048,"serviceAccountEmail":"ama-app-a5e7b@appspot.gserviceaccount.com","updateTime":"2022-10-14T22:11:21.149Z","versionId":"27","labels":{"deployment-tool":"cli-firebase","deployment-callable":"true"},"sourceUploadUrl":"https://storage.googleapis.com/uploads-168178294821.us-central1.cloudfunctions.appspot.com/360dac83-4f1a-4360-bd99-d7d419858cf8.zip","environmentVariables":{"FIREBASE_CONFIG":"{\"projectId\":\"ama-app-a5e7b\",\"storageBucket\":\"ama-app-a5e7b.appspot.com\",\"locationId\":\"us-central\"}","GCLOUD_PROJECT":"ama-app-a5e7b"},"runtime":"nodejs14","ingressSettings":"ALLOW_ALL","buildId":"cd431508-0b90-4339-a352-389d890326c2","buildName":"projects/137084495352/locations/us-central1/builds/cd431508-0b90-4339-a352-389d890326c2","dockerRegistry":"ARTIFACT_REGISTRY"},{"name":"projects/ama-app-a5e7b/locations/us-central1/functions/helloWorld","httpsTrigger":{"url":"https://us-central1-ama-app-a5e7b.cloudfunctions.net/helloWorld","securityLevel":"SECURE_OPTIONAL"},"status":"ACTIVE","entryPoint":"helloWorld","timeout":"60s","availableMemoryMb":256,"serviceAccountEmail":"ama-app-a5e7b@appspot.gserviceaccount.com","updateTime":"2022-07-25T22:07:30.759Z","versionId":"25","labels":{"deployment-callable":"true","deployment-tool":"cli-firebase"},"sourceUploadUrl":"https://storage.googleapis.com/uploads-168178294821.us-central1.cloudfunctions.appspot.com/7637c027-e5b9-4973-96f7-297d6d44d0f8.zip","environmentVariables":{"FIREBASE_CONFIG":"{\"projectId\":\"ama-app-a5e7b\",\"storageBucket\":\"ama-app-a5e7b.appspot.com\",\"locationId\":\"us-central\"}","GCLOUD_PROJECT":"ama-app-a5e7b"},"runtime":"nodejs14","ingressSettings":"ALLOW_ALL","buildId":"05da9032-8dcd-428d-9f50-ff5e4be21bd9","buildName":"projects/137084495352/locations/us-central1/builds/05da9032-8dcd-428d-9f50-ff5e4be21bd9","dockerRegistry":"CONTAINER_REGISTRY"},{"name":"projects/ama-app-a5e7b/locations/us-central1/functions/sendMessage","httpsTrigger":{"url":"https://us-central1-ama-app-a5e7b.cloudfunctions.net/sendMessage","securityLevel":"SECURE_OPTIONAL"},"status":"ACTIVE","entryPoint":"sendMessage","timeout":"60s","availableMemoryMb":256,"serviceAccountEmail":"ama-app-a5e7b@appspot.gserviceaccount.com","updateTime":"2022-07-25T22:07:38.090Z","versionId":"27","labels":{"deployment-callable":"true","deployment-tool":"cli-firebase"},"sourceUploadUrl":"https://storage.googleapis.com/uploads-168178294821.us-central1.cloudfunctions.appspot.com/7637c027-e5b9-4973-96f7-297d6d44d0f8.zip","environmentVariables":{"FIREBASE_CONFIG":"{\"projectId\":\"ama-app-a5e7b\",\"storageBucket\":\"ama-app-a5e7b.appspot.com\",\"locationId\":\"us-central\"}","GCLOUD_PROJECT":"ama-app-a5e7b"},"runtime":"nodejs14","ingressSettings":"ALLOW_ALL","buildId":"05da9032-8dcd-428d-9f50-ff5e4be21bd9","buildName":"projects/137084495352/locations/us-central1/builds/05da9032-8dcd-428d-9f50-ff5e4be21bd9","dockerRegistry":"CONTAINER_REGISTRY"}]}
[debug] [2022-10-14T22:15:43.848Z] >>> [apiv2][query] GET https://cloudfunctions.googleapis.com/v2alpha/projects/ama-app-a5e7b/locations/-/functions [none]
[debug] [2022-10-14T22:15:44.574Z] <<< [apiv2][status] GET https://cloudfunctions.googleapis.com/v2alpha/projects/ama-app-a5e7b/locations/-/functions 200
[debug] [2022-10-14T22:15:44.574Z] <<< [apiv2][body] GET https://cloudfunctions.googleapis.com/v2alpha/projects/ama-app-a5e7b/locations/-/functions {}
[debug] [2022-10-14T22:15:44.578Z] >>> [apiv2][query] GET https://firebase.googleapis.com/v1beta1/projects/ama-app-a5e7b [none]
[debug] [2022-10-14T22:15:45.010Z] <<< [apiv2][status] GET https://firebase.googleapis.com/v1beta1/projects/ama-app-a5e7b 200
[debug] [2022-10-14T22:15:45.010Z] <<< [apiv2][body] GET https://firebase.googleapis.com/v1beta1/projects/ama-app-a5e7b {"projectId":"ama-app-a5e7b","projectNumber":"137084495352","displayName":"AMA-app","name":"projects/ama-app-a5e7b","resources":{"hostingSite":"ama-app-a5e7b","storageBucket":"ama-app-a5e7b.appspot.com","locationId":"us-central"},"state":"ACTIVE","etag":"1_8e6d9a00-73ab-483f-b60b-06d06a39ad6d"}
[debug] [2022-10-14T22:15:45.011Z] >>> [apiv2][query] POST https://cloudfunctions.googleapis.com/v1/projects/ama-app-a5e7b/locations/us-central1/functions:generateUploadUrl [none]
[debug] [2022-10-14T22:15:45.011Z] >>> [apiv2][body] POST https://cloudfunctions.googleapis.com/v1/projects/ama-app-a5e7b/locations/us-central1/functions:generateUploadUrl {}
[debug] [2022-10-14T22:15:45.589Z] <<< [apiv2][status] POST https://cloudfunctions.googleapis.com/v1/projects/ama-app-a5e7b/locations/us-central1/functions:generateUploadUrl 200
[debug] [2022-10-14T22:15:45.589Z] <<< [apiv2][body] POST https://cloudfunctions.googleapis.com/v1/projects/ama-app-a5e7b/locations/us-central1/functions:generateUploadUrl {"uploadUrl":"https://storage.googleapis.com/uploads-168178294821.us-central1.cloudfunctions.appspot.com/acdd0b4f-7559-4c76-959b-b6366199361d.zip?GoogleAccessId=service-137084495352@gcf-admin-robot.iam.gserviceaccount.com&Expires=1665787545&Signature=F94MCLWcN3vMWI4MgIFDZCkJm%2Bwnc9bLfvu1UKEM8R8Z4DKH41lE10BVIhxUdNiUu1zqK9z8mjflIlHdvIFN8tfHbtAvYwnPRM8mdz4%2BoOFCQikVN2sVYjp6mmFKoRTg3FSPxxBD48IP4pIfcVjlVJPfrlJvIuoFrdfeIrYXdFg9hJR2Mk8n%2Fnlj9GsWl8LU2o5cAu4A31tnI3EWE%2Fy7U2gS4dqubOzYcd2fecSPKtgIi%2By1%2B72okzbxmUAmRta2c4fuMrpUwLN5xZEE0SHw6ptMHaB3c2if6nAN81d%2FRMxJ638inX8t5A2nElAkDVzcNyAaQ7e4DxBFGCUC1GMi%2BA%3D%3D"}
[debug] [2022-10-14T22:15:45.590Z] >>> [apiv2][query] PUT https://storage.googleapis.com/uploads-168178294821.us-central1.cloudfunctions.appspot.com/acdd0b4f-7559-4c76-959b-b6366199361d.zip GoogleAccessId=service-137084495352%40gcf-admin-robot.iam.gserviceaccount.com&Expires=1665787545&Signature=F94MCLWcN3vMWI4MgIFDZCkJm%2Bwnc9bLfvu1UKEM8R8Z4DKH41lE10BVIhxUdNiUu1zqK9z8mjflIlHdvIFN8tfHbtAvYwnPRM8mdz4%2BoOFCQikVN2sVYjp6mmFKoRTg3FSPxxBD48IP4pIfcVjlVJPfrlJvIuoFrdfeIrYXdFg9hJR2Mk8n%2Fnlj9GsWl8LU2o5cAu4A31tnI3EWE%2Fy7U2gS4dqubOzYcd2fecSPKtgIi%2By1%2B72okzbxmUAmRta2c4fuMrpUwLN5xZEE0SHw6ptMHaB3c2if6nAN81d%2FRMxJ638inX8t5A2nElAkDVzcNyAaQ7e4DxBFGCUC1GMi%2BA%3D%3D
[debug] [2022-10-14T22:15:45.590Z] >>> [apiv2][body] PUT https://storage.googleapis.com/uploads-168178294821.us-central1.cloudfunctions.appspot.com/acdd0b4f-7559-4c76-959b-b6366199361d.zip [stream]
[debug] [2022-10-14T22:15:45.984Z] <<< [apiv2][status] PUT https://storage.googleapis.com/uploads-168178294821.us-central1.cloudfunctions.appspot.com/acdd0b4f-7559-4c76-959b-b6366199361d.zip 200
[debug] [2022-10-14T22:15:45.984Z] <<< [apiv2][body] PUT https://storage.googleapis.com/uploads-168178294821.us-central1.cloudfunctions.appspot.com/acdd0b4f-7559-4c76-959b-b6366199361d.zip [omitted]
[info] ✔  functions: functions folder uploaded successfully 
[info] i  functions: updating Node.js 14 function addPatientToEclinicalPuppeteer(us-central1)... 
[debug] [2022-10-14T22:15:45.986Z] >>> [apiv2][query] PATCH https://cloudfunctions.googleapis.com/v1/projects/ama-app-a5e7b/locations/us-central1/functions/addPatientToEclinicalPuppeteer updateMask=name%2CsourceUploadUrl%2CentryPoint%2Cruntime%2CdockerRegistry%2Clabels%2ChttpsTrigger.securityLevel%2CenvironmentVariables%2CavailableMemoryMb%2Ctimeout%2CsourceToken
[debug] [2022-10-14T22:15:45.986Z] >>> [apiv2][body] PATCH https://cloudfunctions.googleapis.com/v1/projects/ama-app-a5e7b/locations/us-central1/functions/addPatientToEclinicalPuppeteer {"name":"projects/ama-app-a5e7b/locations/us-central1/functions/addPatientToEclinicalPuppeteer","sourceUploadUrl":"https://storage.googleapis.com/uploads-168178294821.us-central1.cloudfunctions.appspot.com/acdd0b4f-7559-4c76-959b-b6366199361d.zip?GoogleAccessId=service-137084495352@gcf-admin-robot.iam.gserviceaccount.com&Expires=1665787545&Signature=F94MCLWcN3vMWI4MgIFDZCkJm%2Bwnc9bLfvu1UKEM8R8Z4DKH41lE10BVIhxUdNiUu1zqK9z8mjflIlHdvIFN8tfHbtAvYwnPRM8mdz4%2BoOFCQikVN2sVYjp6mmFKoRTg3FSPxxBD48IP4pIfcVjlVJPfrlJvIuoFrdfeIrYXdFg9hJR2Mk8n%2Fnlj9GsWl8LU2o5cAu4A31tnI3EWE%2Fy7U2gS4dqubOzYcd2fecSPKtgIi%2By1%2B72okzbxmUAmRta2c4fuMrpUwLN5xZEE0SHw6ptMHaB3c2if6nAN81d%2FRMxJ638inX8t5A2nElAkDVzcNyAaQ7e4DxBFGCUC1GMi%2BA%3D%3D","entryPoint":"addPatientToEclinicalPuppeteer","runtime":"nodejs14","dockerRegistry":"ARTIFACT_REGISTRY","labels":{"deployment-tool":"cli-firebase","deployment-callable":"true"},"httpsTrigger":{"securityLevel":"SECURE_ALWAYS"},"environmentVariables":{"FIREBASE_CONFIG":"{\"projectId\":\"ama-app-a5e7b\",\"storageBucket\":\"ama-app-a5e7b.appspot.com\",\"locationId\":\"us-central\"}","GCLOUD_PROJECT":"ama-app-a5e7b"},"availableMemoryMb":2048,"timeout":"540s"}
[debug] [2022-10-14T22:15:46.519Z] <<< [apiv2][status] PATCH https://cloudfunctions.googleapis.com/v1/projects/ama-app-a5e7b/locations/us-central1/functions/addPatientToEclinicalPuppeteer 200
[debug] [2022-10-14T22:15:46.519Z] <<< [apiv2][body] PATCH https://cloudfunctions.googleapis.com/v1/projects/ama-app-a5e7b/locations/us-central1/functions/addPatientToEclinicalPuppeteer {"name":"operations/YW1hLWFwcC1hNWU3Yi91cy1jZW50cmFsMS9hZGRQYXRpZW50VG9FY2xpbmljYWxQdXBwZXRlZXIvRjJVeTM4WDBjbkE","metadata":{"@type":"type.googleapis.com/google.cloud.functions.v1.OperationMetadataV1","target":"projects/ama-app-a5e7b/locations/us-central1/functions/addPatientToEclinicalPuppeteer","type":"UPDATE_FUNCTION","request":{"@type":"type.googleapis.com/google.cloud.functions.v1.CloudFunction","name":"projects/ama-app-a5e7b/locations/us-central1/functions/addPatientToEclinicalPuppeteer","httpsTrigger":{"url":"https://us-central1-ama-app-a5e7b.cloudfunctions.net/addPatientToEclinicalPuppeteer","securityLevel":"SECURE_ALWAYS"},"status":"ACTIVE","entryPoint":"addPatientToEclinicalPuppeteer","timeout":"540s","availableMemoryMb":2048,"serviceAccountEmail":"ama-app-a5e7b@appspot.gserviceaccount.com","updateTime":"2022-10-14T22:11:21.149Z","versionId":"27","labels":{"deployment-tool":"cli-firebase","deployment-callable":"true"},"sourceUploadUrl":"https://storage.googleapis.com/uploads-168178294821.us-central1.cloudfunctions.appspot.com/acdd0b4f-7559-4c76-959b-b6366199361d.zip?GoogleAccessId=service-137084495352@gcf-admin-robot.iam.gserviceaccount.com&Expires=1665787545&Signature=F94MCLWcN3vMWI4MgIFDZCkJm%2Bwnc9bLfvu1UKEM8R8Z4DKH41lE10BVIhxUdNiUu1zqK9z8mjflIlHdvIFN8tfHbtAvYwnPRM8mdz4%2BoOFCQikVN2sVYjp6mmFKoRTg3FSPxxBD48IP4pIfcVjlVJPfrlJvIuoFrdfeIrYXdFg9hJR2Mk8n%2Fnlj9GsWl8LU2o5cAu4A31tnI3EWE%2Fy7U2gS4dqubOzYcd2fecSPKtgIi%2By1%2B72okzbxmUAmRta2c4fuMrpUwLN5xZEE0SHw6ptMHaB3c2if6nAN81d%2FRMxJ638inX8t5A2nElAkDVzcNyAaQ7e4DxBFGCUC1GMi%2BA%3D%3D","environmentVariables":{"FIREBASE_CONFIG":"{\"projectId\":\"ama-app-a5e7b\",\"storageBucket\":\"ama-app-a5e7b.appspot.com\",\"locationId\":\"us-central\"}","GCLOUD_PROJECT":"ama-app-a5e7b"},"runtime":"nodejs14","ingressSettings":"ALLOW_ALL","buildId":"cd431508-0b90-4339-a352-389d890326c2","buildName":"projects/137084495352/locations/us-central1/builds/cd431508-0b90-4339-a352-389d890326c2","dockerRegistry":"ARTIFACT_REGISTRY"},"versionId":"28","updateTime":"2022-10-14T22:15:46Z"}}
[debug] [2022-10-14T22:15:46.520Z] >>> [apiv2][query] GET https://cloudfunctions.googleapis.com/v1/operations/YW1hLWFwcC1hNWU3Yi91cy1jZW50cmFsMS9hZGRQYXRpZW50VG9FY2xpbmljYWxQdXBwZXRlZXIvRjJVeTM4WDBjbkE [none]
[debug] [2022-10-14T22:15:46.759Z] <<< [apiv2][status] GET https://cloudfunctions.googleapis.com/v1/operations/YW1hLWFwcC1hNWU3Yi91cy1jZW50cmFsMS9hZGRQYXRpZW50VG9FY2xpbmljYWxQdXBwZXRlZXIvRjJVeTM4WDBjbkE 200
[debug] [2022-10-14T22:15:46.759Z] <<< [apiv2][body] GET https://cloudfunctions.googleapis.com/v1/operations/YW1hLWFwcC1hNWU3Yi91cy1jZW50cmFsMS9hZGRQYXRpZW50VG9FY2xpbmljYWxQdXBwZXRlZXIvRjJVeTM4WDBjbkE {"name":"operations/YW1hLWFwcC1hNWU3Yi91cy1jZW50cmFsMS9hZGRQYXRpZW50VG9FY2xpbmljYWxQdXBwZXRlZXIvRjJVeTM4WDBjbkE","metadata":{"@type":"type.googleapis.com/google.cloud.functions.v1.OperationMetadataV1","target":"projects/ama-app-a5e7b/locations/us-central1/functions/addPatientToEclinicalPuppeteer","type":"UPDATE_FUNCTION","request":{"@type":"type.googleapis.com/google.cloud.functions.v1.CloudFunction","name":"projects/ama-app-a5e7b/locations/us-central1/functions/addPatientToEclinicalPuppeteer","httpsTrigger":{"url":"https://us-central1-ama-app-a5e7b.cloudfunctions.net/addPatientToEclinicalPuppeteer","securityLevel":"SECURE_ALWAYS"},"status":"ACTIVE","entryPoint":"addPatientToEclinicalPuppeteer","timeout":"540s","availableMemoryMb":2048,"serviceAccountEmail":"ama-app-a5e7b@appspot.gserviceaccount.com","updateTime":"2022-10-14T22:11:21.149Z","versionId":"27","labels":{"deployment-tool":"cli-firebase","deployment-callable":"true"},"sourceUploadUrl":"https://storage.googleapis.com/uploads-168178294821.us-central1.cloudfunctions.appspot.com/acdd0b4f-7559-4c76-959b-b6366199361d.zip?GoogleAccessId=service-137084495352@gcf-admin-robot.iam.gserviceaccount.com&Expires=1665787545&Signature=F94MCLWcN3vMWI4MgIFDZCkJm%2Bwnc9bLfvu1UKEM8R8Z4DKH41lE10BVIhxUdNiUu1zqK9z8mjflIlHdvIFN8tfHbtAvYwnPRM8mdz4%2BoOFCQikVN2sVYjp6mmFKoRTg3FSPxxBD48IP4pIfcVjlVJPfrlJvIuoFrdfeIrYXdFg9hJR2Mk8n%2Fnlj9GsWl8LU2o5cAu4A31tnI3EWE%2Fy7U2gS4dqubOzYcd2fecSPKtgIi%2By1%2B72okzbxmUAmRta2c4fuMrpUwLN5xZEE0SHw6ptMHaB3c2if6nAN81d%2FRMxJ638inX8t5A2nElAkDVzcNyAaQ7e4DxBFGCUC1GMi%2BA%3D%3D","environmentVariables":{"FIREBASE_CONFIG":"{\"projectId\":\"ama-app-a5e7b\",\"storageBucket\":\"ama-app-a5e7b.appspot.com\",\"locationId\":\"us-central\"}","GCLOUD_PROJECT":"ama-app-a5e7b"},"runtime":"nodejs14","ingressSettings":"ALLOW_ALL","buildId":"cd431508-0b90-4339-a352-389d890326c2","buildName":"projects/137084495352/locations/us-central1/builds/cd431508-0b90-4339-a352-389d890326c2","dockerRegistry":"ARTIFACT_REGISTRY"},"versionId":"28","updateTime":"2022-10-14T22:15:46Z"}}
[debug] [2022-10-14T22:15:47.261Z] [update-default-us-central1-addPatientToEclinicalPuppeteer] Retrying task index 0
[debug] [2022-10-14T22:15:47.261Z] >>> [apiv2][query] GET https://cloudfunctions.googleapis.com/v1/operations/YW1hLWFwcC1hNWU3Yi91cy1jZW50cmFsMS9hZGRQYXRpZW50VG9FY2xpbmljYWxQdXBwZXRlZXIvRjJVeTM4WDBjbkE [none]
[debug] [2022-10-14T22:15:47.569Z] <<< [apiv2][status] GET https://cloudfunctions.googleapis.com/v1/operations/YW1hLWFwcC1hNWU3Yi91cy1jZW50cmFsMS9hZGRQYXRpZW50VG9FY2xpbmljYWxQdXBwZXRlZXIvRjJVeTM4WDBjbkE 200
[debug] [2022-10-14T22:15:47.569Z] <<< [apiv2][body] GET https://cloudfunctions.googleapis.com/v1/operations/YW1hLWFwcC1hNWU3Yi91cy1jZW50cmFsMS9hZGRQYXRpZW50VG9FY2xpbmljYWxQdXBwZXRlZXIvRjJVeTM4WDBjbkE {"name":"operations/YW1hLWFwcC1hNWU3Yi91cy1jZW50cmFsMS9hZGRQYXRpZW50VG9FY2xpbmljYWxQdXBwZXRlZXIvRjJVeTM4WDBjbkE","metadata":{"@type":"type.googleapis.com/google.cloud.functions.v1.OperationMetadataV1","target":"projects/ama-app-a5e7b/locations/us-central1/functions/addPatientToEclinicalPuppeteer","type":"UPDATE_FUNCTION","request":{"@type":"type.googleapis.com/google.cloud.functions.v1.CloudFunction","name":"projects/ama-app-a5e7b/locations/us-central1/functions/addPatientToEclinicalPuppeteer","httpsTrigger":{"url":"https://us-central1-ama-app-a5e7b.cloudfunctions.net/addPatientToEclinicalPuppeteer","securityLevel":"SECURE_ALWAYS"},"status":"ACTIVE","entryPoint":"addPatientToEclinicalPuppeteer","timeout":"540s","availableMemoryMb":2048,"serviceAccountEmail":"ama-app-a5e7b@appspot.gserviceaccount.com","updateTime":"2022-10-14T22:11:21.149Z","versionId":"27","labels":{"deployment-tool":"cli-firebase","deployment-callable":"true"},"sourceUploadUrl":"https://storage.googleapis.com/uploads-168178294821.us-central1.cloudfunctions.appspot.com/acdd0b4f-7559-4c76-959b-b6366199361d.zip?GoogleAccessId=service-137084495352@gcf-admin-robot.iam.gserviceaccount.com&Expires=1665787545&Signature=F94MCLWcN3vMWI4MgIFDZCkJm%2Bwnc9bLfvu1UKEM8R8Z4DKH41lE10BVIhxUdNiUu1zqK9z8mjflIlHdvIFN8tfHbtAvYwnPRM8mdz4%2BoOFCQikVN2sVYjp6mmFKoRTg3FSPxxBD48IP4pIfcVjlVJPfrlJvIuoFrdfeIrYXdFg9hJR2Mk8n%2Fnlj9GsWl8LU2o5cAu4A31tnI3EWE%2Fy7U2gS4dqubOzYcd2fecSPKtgIi%2By1%2B72okzbxmUAmRta2c4fuMrpUwLN5xZEE0SHw6ptMHaB3c2if6nAN81d%2FRMxJ638inX8t5A2nElAkDVzcNyAaQ7e4DxBFGCUC1GMi%2BA%3D%3D","environmentVariables":{"FIREBASE_CONFIG":"{\"projectId\":\"ama-app-a5e7b\",\"storageBucket\":\"ama-app-a5e7b.appspot.com\",\"locationId\":\"us-central\"}","GCLOUD_PROJECT":"ama-app-a5e7b"},"runtime":"nodejs14","ingressSettings":"ALLOW_ALL","buildId":"cd431508-0b90-4339-a352-389d890326c2","buildName":"projects/137084495352/locations/us-central1/builds/cd431508-0b90-4339-a352-389d890326c2","dockerRegistry":"ARTIFACT_REGISTRY"},"versionId":"28","updateTime":"2022-10-14T22:15:46Z","buildId":"b36c77f0-6f26-45ba-8855-1012b4e9c9c1","buildName":"projects/137084495352/locations/us-central1/builds/b36c77f0-6f26-45ba-8855-1012b4e9c9c1"}}
[debug] [2022-10-14T22:15:48.571Z] [update-default-us-central1-addPatientToEclinicalPuppeteer] Retrying task index 0
[debug] [2022-10-14T22:15:48.571Z] >>> [apiv2][query] GET https://cloudfunctions.googleapis.com/v1/operations/YW1hLWFwcC1hNWU3Yi91cy1jZW50cmFsMS9hZGRQYXRpZW50VG9FY2xpbmljYWxQdXBwZXRlZXIvRjJVeTM4WDBjbkE [none]
[debug] [2022-10-14T22:15:48.788Z] <<< [apiv2][status] GET https://cloudfunctions.googleapis.com/v1/operations/YW1hLWFwcC1hNWU3Yi91cy1jZW50cmFsMS9hZGRQYXRpZW50VG9FY2xpbmljYWxQdXBwZXRlZXIvRjJVeTM4WDBjbkE 200
[debug] [2022-10-14T22:15:48.788Z] <<< [apiv2][body] GET https://cloudfunctions.googleapis.com/v1/operations/YW1hLWFwcC1hNWU3Yi91cy1jZW50cmFsMS9hZGRQYXRpZW50VG9FY2xpbmljYWxQdXBwZXRlZXIvRjJVeTM4WDBjbkE {"name":"operations/YW1hLWFwcC1hNWU3Yi91cy1jZW50cmFsMS9hZGRQYXRpZW50VG9FY2xpbmljYWxQdXBwZXRlZXIvRjJVeTM4WDBjbkE","metadata":{"@type":"type.googleapis.com/google.cloud.functions.v1.OperationMetadataV1","target":"projects/ama-app-a5e7b/locations/us-central1/functions/addPatientToEclinicalPuppeteer","type":"UPDATE_FUNCTION","request":{"@type":"type.googleapis.com/google.cloud.functions.v1.CloudFunction","name":"projects/ama-app-a5e7b/locations/us-central1/functions/addPatientToEclinicalPuppeteer","httpsTrigger":{"url":"https://us-central1-ama-app-a5e7b.cloudfunctions.net/addPatientToEclinicalPuppeteer","securityLevel":"SECURE_ALWAYS"},"status":"ACTIVE","entryPoint":"addPatientToEclinicalPuppeteer","timeout":"540s","availableMemoryMb":2048,"serviceAccountEmail":"ama-app-a5e7b@appspot.gserviceaccount.com","updateTime":"2022-10-14T22:11:21.149Z","versionId":"27","labels":{"deployment-tool":"cli-firebase","deployment-callable":"true"},"sourceUploadUrl":"https://storage.googleapis.com/uploads-168178294821.us-central1.cloudfunctions.appspot.com/acdd0b4f-7559-4c76-959b-b6366199361d.zip?GoogleAccessId=service-137084495352@gcf-admin-robot.iam.gserviceaccount.com&Expires=1665787545&Signature=F94MCLWcN3vMWI4MgIFDZCkJm%2Bwnc9bLfvu1UKEM8R8Z4DKH41lE10BVIhxUdNiUu1zqK9z8mjflIlHdvIFN8tfHbtAvYwnPRM8mdz4%2BoOFCQikVN2sVYjp6mmFKoRTg3FSPxxBD48IP4pIfcVjlVJPfrlJvIuoFrdfeIrYXdFg9hJR2Mk8n%2Fnlj9GsWl8LU2o5cAu4A31tnI3EWE%2Fy7U2gS4dqubOzYcd2fecSPKtgIi%2By1%2B72okzbxmUAmRta2c4fuMrpUwLN5xZEE0SHw6ptMHaB3c2if6nAN81d%2FRMxJ638inX8t5A2nElAkDVzcNyAaQ7e4DxBFGCUC1GMi%2BA%3D%3D","environmentVariables":{"FIREBASE_CONFIG":"{\"projectId\":\"ama-app-a5e7b\",\"storageBucket\":\"ama-app-a5e7b.appspot.com\",\"locationId\":\"us-central\"}","GCLOUD_PROJECT":"ama-app-a5e7b"},"runtime":"nodejs14","ingressSettings":"ALLOW_ALL","buildId":"cd431508-0b90-4339-a352-389d890326c2","buildName":"projects/137084495352/locations/us-central1/builds/cd431508-0b90-4339-a352-389d890326c2","dockerRegistry":"ARTIFACT_REGISTRY"},"versionId":"28","updateTime":"2022-10-14T22:15:46Z","buildId":"b36c77f0-6f26-45ba-8855-1012b4e9c9c1","buildName":"projects/137084495352/locations/us-central1/builds/b36c77f0-6f26-45ba-8855-1012b4e9c9c1"}}
[debug] [2022-10-14T22:15:50.788Z] [update-default-us-central1-addPatientToEclinicalPuppeteer] Retrying task index 0
[debug] [2022-10-14T22:15:50.789Z] >>> [apiv2][query] GET https://cloudfunctions.googleapis.com/v1/operations/YW1hLWFwcC1hNWU3Yi91cy1jZW50cmFsMS9hZGRQYXRpZW50VG9FY2xpbmljYWxQdXBwZXRlZXIvRjJVeTM4WDBjbkE [none]
[debug] [2022-10-14T22:15:51.003Z] <<< [apiv2][status] GET https://cloudfunctions.googleapis.com/v1/operations/YW1hLWFwcC1hNWU3Yi91cy1jZW50cmFsMS9hZGRQYXRpZW50VG9FY2xpbmljYWxQdXBwZXRlZXIvRjJVeTM4WDBjbkE 200
[debug] [2022-10-14T22:15:51.003Z] <<< [apiv2][body] GET https://cloudfunctions.googleapis.com/v1/operations/YW1hLWFwcC1hNWU3Yi91cy1jZW50cmFsMS9hZGRQYXRpZW50VG9FY2xpbmljYWxQdXBwZXRlZXIvRjJVeTM4WDBjbkE {"name":"operations/YW1hLWFwcC1hNWU3Yi91cy1jZW50cmFsMS9hZGRQYXRpZW50VG9FY2xpbmljYWxQdXBwZXRlZXIvRjJVeTM4WDBjbkE","metadata":{"@type":"type.googleapis.com/google.cloud.functions.v1.OperationMetadataV1","target":"projects/ama-app-a5e7b/locations/us-central1/functions/addPatientToEclinicalPuppeteer","type":"UPDATE_FUNCTION","request":{"@type":"type.googleapis.com/google.cloud.functions.v1.CloudFunction","name":"projects/ama-app-a5e7b/locations/us-central1/functions/addPatientToEclinicalPuppeteer","httpsTrigger":{"url":"https://us-central1-ama-app-a5e7b.cloudfunctions.net/addPatientToEclinicalPuppeteer","securityLevel":"SECURE_ALWAYS"},"status":"ACTIVE","entryPoint":"addPatientToEclinicalPuppeteer","timeout":"540s","availableMemoryMb":2048,"serviceAccountEmail":"ama-app-a5e7b@appspot.gserviceaccount.com","updateTime":"2022-10-14T22:11:21.149Z","versionId":"27","labels":{"deployment-tool":"cli-firebase","deployment-callable":"true"},"sourceUploadUrl":"https://storage.googleapis.com/uploads-168178294821.us-central1.cloudfunctions.appspot.com/acdd0b4f-7559-4c76-959b-b6366199361d.zip?GoogleAccessId=service-137084495352@gcf-admin-robot.iam.gserviceaccount.com&Expires=1665787545&Signature=F94MCLWcN3vMWI4MgIFDZCkJm%2Bwnc9bLfvu1UKEM8R8Z4DKH41lE10BVIhxUdNiUu1zqK9z8mjflIlHdvIFN8tfHbtAvYwnPRM8mdz4%2BoOFCQikVN2sVYjp6mmFKoRTg3FSPxxBD48IP4pIfcVjlVJPfrlJvIuoFrdfeIrYXdFg9hJR2Mk8n%2Fnlj9GsWl8LU2o5cAu4A31tnI3EWE%2Fy7U2gS4dqubOzYcd2fecSPKtgIi%2By1%2B72okzbxmUAmRta2c4fuMrpUwLN5xZEE0SHw6ptMHaB3c2if6nAN81d%2FRMxJ638inX8t5A2nElAkDVzcNyAaQ7e4DxBFGCUC1GMi%2BA%3D%3D","environmentVariables":{"FIREBASE_CONFIG":"{\"projectId\":\"ama-app-a5e7b\",\"storageBucket\":\"ama-app-a5e7b.appspot.com\",\"locationId\":\"us-central\"}","GCLOUD_PROJECT":"ama-app-a5e7b"},"runtime":"nodejs14","ingressSettings":"ALLOW_ALL","buildId":"cd431508-0b90-4339-a352-389d890326c2","buildName":"projects/137084495352/locations/us-central1/builds/cd431508-0b90-4339-a352-389d890326c2","dockerRegistry":"ARTIFACT_REGISTRY"},"versionId":"28","updateTime":"2022-10-14T22:15:46Z","buildId":"b36c77f0-6f26-45ba-8855-1012b4e9c9c1","buildName":"projects/137084495352/locations/us-central1/builds/b36c77f0-6f26-45ba-8855-1012b4e9c9c1"}}
[debug] [2022-10-14T22:15:55.005Z] [update-default-us-central1-addPatientToEclinicalPuppeteer] Retrying task index 0
[debug] [2022-10-14T22:15:55.005Z] >>> [apiv2][query] GET https://cloudfunctions.googleapis.com/v1/operations/YW1hLWFwcC1hNWU3Yi91cy1jZW50cmFsMS9hZGRQYXRpZW50VG9FY2xpbmljYWxQdXBwZXRlZXIvRjJVeTM4WDBjbkE [none]
[debug] [2022-10-14T22:15:55.300Z] <<< [apiv2][status] GET https://cloudfunctions.googleapis.com/v1/operations/YW1hLWFwcC1hNWU3Yi91cy1jZW50cmFsMS9hZGRQYXRpZW50VG9FY2xpbmljYWxQdXBwZXRlZXIvRjJVeTM4WDBjbkE 200
[debug] [2022-10-14T22:15:55.300Z] <<< [apiv2][body] GET https://cloudfunctions.googleapis.com/v1/operations/YW1hLWFwcC1hNWU3Yi91cy1jZW50cmFsMS9hZGRQYXRpZW50VG9FY2xpbmljYWxQdXBwZXRlZXIvRjJVeTM4WDBjbkE {"name":"operations/YW1hLWFwcC1hNWU3Yi91cy1jZW50cmFsMS9hZGRQYXRpZW50VG9FY2xpbmljYWxQdXBwZXRlZXIvRjJVeTM4WDBjbkE","metadata":{"@type":"type.googleapis.com/google.cloud.functions.v1.OperationMetadataV1","target":"projects/ama-app-a5e7b/locations/us-central1/functions/addPatientToEclinicalPuppeteer","type":"UPDATE_FUNCTION","request":{"@type":"type.googleapis.com/google.cloud.functions.v1.CloudFunction","name":"projects/ama-app-a5e7b/locations/us-central1/functions/addPatientToEclinicalPuppeteer","httpsTrigger":{"url":"https://us-central1-ama-app-a5e7b.cloudfunctions.net/addPatientToEclinicalPuppeteer","securityLevel":"SECURE_ALWAYS"},"status":"ACTIVE","entryPoint":"addPatientToEclinicalPuppeteer","timeout":"540s","availableMemoryMb":2048,"serviceAccountEmail":"ama-app-a5e7b@appspot.gserviceaccount.com","updateTime":"2022-10-14T22:11:21.149Z","versionId":"27","labels":{"deployment-tool":"cli-firebase","deployment-callable":"true"},"sourceUploadUrl":"https://storage.googleapis.com/uploads-168178294821.us-central1.cloudfunctions.appspot.com/acdd0b4f-7559-4c76-959b-b6366199361d.zip?GoogleAccessId=service-137084495352@gcf-admin-robot.iam.gserviceaccount.com&Expires=1665787545&Signature=F94MCLWcN3vMWI4MgIFDZCkJm%2Bwnc9bLfvu1UKEM8R8Z4DKH41lE10BVIhxUdNiUu1zqK9z8mjflIlHdvIFN8tfHbtAvYwnPRM8mdz4%2BoOFCQikVN2sVYjp6mmFKoRTg3FSPxxBD48IP4pIfcVjlVJPfrlJvIuoFrdfeIrYXdFg9hJR2Mk8n%2Fnlj9GsWl8LU2o5cAu4A31tnI3EWE%2Fy7U2gS4dqubOzYcd2fecSPKtgIi%2By1%2B72okzbxmUAmRta2c4fuMrpUwLN5xZEE0SHw6ptMHaB3c2if6nAN81d%2FRMxJ638inX8t5A2nElAkDVzcNyAaQ7e4DxBFGCUC1GMi%2BA%3D%3D","environmentVariables":{"FIREBASE_CONFIG":"{\"projectId\":\"ama-app-a5e7b\",\"storageBucket\":\"ama-app-a5e7b.appspot.com\",\"locationId\":\"us-central\"}","GCLOUD_PROJECT":"ama-app-a5e7b"},"runtime":"nodejs14","ingressSettings":"ALLOW_ALL","buildId":"cd431508-0b90-4339-a352-389d890326c2","buildName":"projects/137084495352/locations/us-central1/builds/cd431508-0b90-4339-a352-389d890326c2","dockerRegistry":"ARTIFACT_REGISTRY"},"versionId":"28","updateTime":"2022-10-14T22:15:46Z","buildId":"b36c77f0-6f26-45ba-8855-1012b4e9c9c1","buildName":"projects/137084495352/locations/us-central1/builds/b36c77f0-6f26-45ba-8855-1012b4e9c9c1"}}
[debug] [2022-10-14T22:16:03.302Z] [update-default-us-central1-addPatientToEclinicalPuppeteer] Retrying task index 0
[debug] [2022-10-14T22:16:03.302Z] >>> [apiv2][query] GET https://cloudfunctions.googleapis.com/v1/operations/YW1hLWFwcC1hNWU3Yi91cy1jZW50cmFsMS9hZGRQYXRpZW50VG9FY2xpbmljYWxQdXBwZXRlZXIvRjJVeTM4WDBjbkE [none]
[debug] [2022-10-14T22:16:03.495Z] <<< [apiv2][status] GET https://cloudfunctions.googleapis.com/v1/operations/YW1hLWFwcC1hNWU3Yi91cy1jZW50cmFsMS9hZGRQYXRpZW50VG9FY2xpbmljYWxQdXBwZXRlZXIvRjJVeTM4WDBjbkE 200
[debug] [2022-10-14T22:16:03.495Z] <<< [apiv2][body] GET https://cloudfunctions.googleapis.com/v1/operations/YW1hLWFwcC1hNWU3Yi91cy1jZW50cmFsMS9hZGRQYXRpZW50VG9FY2xpbmljYWxQdXBwZXRlZXIvRjJVeTM4WDBjbkE {"name":"operations/YW1hLWFwcC1hNWU3Yi91cy1jZW50cmFsMS9hZGRQYXRpZW50VG9FY2xpbmljYWxQdXBwZXRlZXIvRjJVeTM4WDBjbkE","metadata":{"@type":"type.googleapis.com/google.cloud.functions.v1.OperationMetadataV1","target":"projects/ama-app-a5e7b/locations/us-central1/functions/addPatientToEclinicalPuppeteer","type":"UPDATE_FUNCTION","request":{"@type":"type.googleapis.com/google.cloud.functions.v1.CloudFunction","name":"projects/ama-app-a5e7b/locations/us-central1/functions/addPatientToEclinicalPuppeteer","httpsTrigger":{"url":"https://us-central1-ama-app-a5e7b.cloudfunctions.net/addPatientToEclinicalPuppeteer","securityLevel":"SECURE_ALWAYS"},"status":"ACTIVE","entryPoint":"addPatientToEclinicalPuppeteer","timeout":"540s","availableMemoryMb":2048,"serviceAccountEmail":"ama-app-a5e7b@appspot.gserviceaccount.com","updateTime":"2022-10-14T22:11:21.149Z","versionId":"27","labels":{"deployment-tool":"cli-firebase","deployment-callable":"true"},"sourceUploadUrl":"https://storage.googleapis.com/uploads-168178294821.us-central1.cloudfunctions.appspot.com/acdd0b4f-7559-4c76-959b-b6366199361d.zip?GoogleAccessId=service-137084495352@gcf-admin-robot.iam.gserviceaccount.com&Expires=1665787545&Signature=F94MCLWcN3vMWI4MgIFDZCkJm%2Bwnc9bLfvu1UKEM8R8Z4DKH41lE10BVIhxUdNiUu1zqK9z8mjflIlHdvIFN8tfHbtAvYwnPRM8mdz4%2BoOFCQikVN2sVYjp6mmFKoRTg3FSPxxBD48IP4pIfcVjlVJPfrlJvIuoFrdfeIrYXdFg9hJR2Mk8n%2Fnlj9GsWl8LU2o5cAu4A31tnI3EWE%2Fy7U2gS4dqubOzYcd2fecSPKtgIi%2By1%2B72okzbxmUAmRta2c4fuMrpUwLN5xZEE0SHw6ptMHaB3c2if6nAN81d%2FRMxJ638inX8t5A2nElAkDVzcNyAaQ7e4DxBFGCUC1GMi%2BA%3D%3D","environmentVariables":{"FIREBASE_CONFIG":"{\"projectId\":\"ama-app-a5e7b\",\"storageBucket\":\"ama-app-a5e7b.appspot.com\",\"locationId\":\"us-central\"}","GCLOUD_PROJECT":"ama-app-a5e7b"},"runtime":"nodejs14","ingressSettings":"ALLOW_ALL","buildId":"cd431508-0b90-4339-a352-389d890326c2","buildName":"projects/137084495352/locations/us-central1/builds/cd431508-0b90-4339-a352-389d890326c2","dockerRegistry":"ARTIFACT_REGISTRY"},"versionId":"28","updateTime":"2022-10-14T22:15:46Z","buildId":"b36c77f0-6f26-45ba-8855-1012b4e9c9c1","buildName":"projects/137084495352/locations/us-central1/builds/b36c77f0-6f26-45ba-8855-1012b4e9c9c1"}}
[debug] [2022-10-14T22:16:13.497Z] [update-default-us-central1-addPatientToEclinicalPuppeteer] Retrying task index 0
[debug] [2022-10-14T22:16:13.497Z] >>> [apiv2][query] GET https://cloudfunctions.googleapis.com/v1/operations/YW1hLWFwcC1hNWU3Yi91cy1jZW50cmFsMS9hZGRQYXRpZW50VG9FY2xpbmljYWxQdXBwZXRlZXIvRjJVeTM4WDBjbkE [none]
[debug] [2022-10-14T22:16:13.782Z] <<< [apiv2][status] GET https://cloudfunctions.googleapis.com/v1/operations/YW1hLWFwcC1hNWU3Yi91cy1jZW50cmFsMS9hZGRQYXRpZW50VG9FY2xpbmljYWxQdXBwZXRlZXIvRjJVeTM4WDBjbkE 200
[debug] [2022-10-14T22:16:13.782Z] <<< [apiv2][body] GET https://cloudfunctions.googleapis.com/v1/operations/YW1hLWFwcC1hNWU3Yi91cy1jZW50cmFsMS9hZGRQYXRpZW50VG9FY2xpbmljYWxQdXBwZXRlZXIvRjJVeTM4WDBjbkE {"name":"operations/YW1hLWFwcC1hNWU3Yi91cy1jZW50cmFsMS9hZGRQYXRpZW50VG9FY2xpbmljYWxQdXBwZXRlZXIvRjJVeTM4WDBjbkE","metadata":{"@type":"type.googleapis.com/google.cloud.functions.v1.OperationMetadataV1","target":"projects/ama-app-a5e7b/locations/us-central1/functions/addPatientToEclinicalPuppeteer","type":"UPDATE_FUNCTION","request":{"@type":"type.googleapis.com/google.cloud.functions.v1.CloudFunction","name":"projects/ama-app-a5e7b/locations/us-central1/functions/addPatientToEclinicalPuppeteer","httpsTrigger":{"url":"https://us-central1-ama-app-a5e7b.cloudfunctions.net/addPatientToEclinicalPuppeteer","securityLevel":"SECURE_ALWAYS"},"status":"ACTIVE","entryPoint":"addPatientToEclinicalPuppeteer","timeout":"540s","availableMemoryMb":2048,"serviceAccountEmail":"ama-app-a5e7b@appspot.gserviceaccount.com","updateTime":"2022-10-14T22:11:21.149Z","versionId":"27","labels":{"deployment-tool":"cli-firebase","deployment-callable":"true"},"sourceUploadUrl":"https://storage.googleapis.com/uploads-168178294821.us-central1.cloudfunctions.appspot.com/acdd0b4f-7559-4c76-959b-b6366199361d.zip?GoogleAccessId=service-137084495352@gcf-admin-robot.iam.gserviceaccount.com&Expires=1665787545&Signature=F94MCLWcN3vMWI4MgIFDZCkJm%2Bwnc9bLfvu1UKEM8R8Z4DKH41lE10BVIhxUdNiUu1zqK9z8mjflIlHdvIFN8tfHbtAvYwnPRM8mdz4%2BoOFCQikVN2sVYjp6mmFKoRTg3FSPxxBD48IP4pIfcVjlVJPfrlJvIuoFrdfeIrYXdFg9hJR2Mk8n%2Fnlj9GsWl8LU2o5cAu4A31tnI3EWE%2Fy7U2gS4dqubOzYcd2fecSPKtgIi%2By1%2B72okzbxmUAmRta2c4fuMrpUwLN5xZEE0SHw6ptMHaB3c2if6nAN81d%2FRMxJ638inX8t5A2nElAkDVzcNyAaQ7e4DxBFGCUC1GMi%2BA%3D%3D","environmentVariables":{"FIREBASE_CONFIG":"{\"projectId\":\"ama-app-a5e7b\",\"storageBucket\":\"ama-app-a5e7b.appspot.com\",\"locationId\":\"us-central\"}","GCLOUD_PROJECT":"ama-app-a5e7b"},"runtime":"nodejs14","ingressSettings":"ALLOW_ALL","buildId":"cd431508-0b90-4339-a352-389d890326c2","buildName":"projects/137084495352/locations/us-central1/builds/cd431508-0b90-4339-a352-389d890326c2","dockerRegistry":"ARTIFACT_REGISTRY"},"versionId":"28","updateTime":"2022-10-14T22:15:46Z","buildId":"b36c77f0-6f26-45ba-8855-1012b4e9c9c1","buildName":"projects/137084495352/locations/us-central1/builds/b36c77f0-6f26-45ba-8855-1012b4e9c9c1"}}
[debug] [2022-10-14T22:16:23.784Z] [update-default-us-central1-addPatientToEclinicalPuppeteer] Retrying task index 0
[debug] [2022-10-14T22:16:23.784Z] >>> [apiv2][query] GET https://cloudfunctions.googleapis.com/v1/operations/YW1hLWFwcC1hNWU3Yi91cy1jZW50cmFsMS9hZGRQYXRpZW50VG9FY2xpbmljYWxQdXBwZXRlZXIvRjJVeTM4WDBjbkE [none]
[debug] [2022-10-14T22:16:24.042Z] <<< [apiv2][status] GET https://cloudfunctions.googleapis.com/v1/operations/YW1hLWFwcC1hNWU3Yi91cy1jZW50cmFsMS9hZGRQYXRpZW50VG9FY2xpbmljYWxQdXBwZXRlZXIvRjJVeTM4WDBjbkE 200
[debug] [2022-10-14T22:16:24.042Z] <<< [apiv2][body] GET https://cloudfunctions.googleapis.com/v1/operations/YW1hLWFwcC1hNWU3Yi91cy1jZW50cmFsMS9hZGRQYXRpZW50VG9FY2xpbmljYWxQdXBwZXRlZXIvRjJVeTM4WDBjbkE {"name":"operations/YW1hLWFwcC1hNWU3Yi91cy1jZW50cmFsMS9hZGRQYXRpZW50VG9FY2xpbmljYWxQdXBwZXRlZXIvRjJVeTM4WDBjbkE","metadata":{"@type":"type.googleapis.com/google.cloud.functions.v1.OperationMetadataV1","target":"projects/ama-app-a5e7b/locations/us-central1/functions/addPatientToEclinicalPuppeteer","type":"UPDATE_FUNCTION","request":{"@type":"type.googleapis.com/google.cloud.functions.v1.CloudFunction","name":"projects/ama-app-a5e7b/locations/us-central1/functions/addPatientToEclinicalPuppeteer","httpsTrigger":{"url":"https://us-central1-ama-app-a5e7b.cloudfunctions.net/addPatientToEclinicalPuppeteer","securityLevel":"SECURE_ALWAYS"},"status":"ACTIVE","entryPoint":"addPatientToEclinicalPuppeteer","timeout":"540s","availableMemoryMb":2048,"serviceAccountEmail":"ama-app-a5e7b@appspot.gserviceaccount.com","updateTime":"2022-10-14T22:11:21.149Z","versionId":"27","labels":{"deployment-tool":"cli-firebase","deployment-callable":"true"},"sourceUploadUrl":"https://storage.googleapis.com/uploads-168178294821.us-central1.cloudfunctions.appspot.com/acdd0b4f-7559-4c76-959b-b6366199361d.zip?GoogleAccessId=service-137084495352@gcf-admin-robot.iam.gserviceaccount.com&Expires=1665787545&Signature=F94MCLWcN3vMWI4MgIFDZCkJm%2Bwnc9bLfvu1UKEM8R8Z4DKH41lE10BVIhxUdNiUu1zqK9z8mjflIlHdvIFN8tfHbtAvYwnPRM8mdz4%2BoOFCQikVN2sVYjp6mmFKoRTg3FSPxxBD48IP4pIfcVjlVJPfrlJvIuoFrdfeIrYXdFg9hJR2Mk8n%2Fnlj9GsWl8LU2o5cAu4A31tnI3EWE%2Fy7U2gS4dqubOzYcd2fecSPKtgIi%2By1%2B72okzbxmUAmRta2c4fuMrpUwLN5xZEE0SHw6ptMHaB3c2if6nAN81d%2FRMxJ638inX8t5A2nElAkDVzcNyAaQ7e4DxBFGCUC1GMi%2BA%3D%3D","environmentVariables":{"FIREBASE_CONFIG":"{\"projectId\":\"ama-app-a5e7b\",\"storageBucket\":\"ama-app-a5e7b.appspot.com\",\"locationId\":\"us-central\"}","GCLOUD_PROJECT":"ama-app-a5e7b"},"runtime":"nodejs14","ingressSettings":"ALLOW_ALL","buildId":"cd431508-0b90-4339-a352-389d890326c2","buildName":"projects/137084495352/locations/us-central1/builds/cd431508-0b90-4339-a352-389d890326c2","dockerRegistry":"ARTIFACT_REGISTRY"},"versionId":"28","updateTime":"2022-10-14T22:15:46Z","buildId":"b36c77f0-6f26-45ba-8855-1012b4e9c9c1","buildName":"projects/137084495352/locations/us-central1/builds/b36c77f0-6f26-45ba-8855-1012b4e9c9c1"}}
[debug] [2022-10-14T22:16:34.120Z] [update-default-us-central1-addPatientToEclinicalPuppeteer] Retrying task index 0
[debug] [2022-10-14T22:16:34.121Z] >>> [apiv2][query] GET https://cloudfunctions.googleapis.com/v1/operations/YW1hLWFwcC1hNWU3Yi91cy1jZW50cmFsMS9hZGRQYXRpZW50VG9FY2xpbmljYWxQdXBwZXRlZXIvRjJVeTM4WDBjbkE [none]
[debug] [2022-10-14T22:16:34.362Z] <<< [apiv2][status] GET https://cloudfunctions.googleapis.com/v1/operations/YW1hLWFwcC1hNWU3Yi91cy1jZW50cmFsMS9hZGRQYXRpZW50VG9FY2xpbmljYWxQdXBwZXRlZXIvRjJVeTM4WDBjbkE 200
[debug] [2022-10-14T22:16:34.362Z] <<< [apiv2][body] GET https://cloudfunctions.googleapis.com/v1/operations/YW1hLWFwcC1hNWU3Yi91cy1jZW50cmFsMS9hZGRQYXRpZW50VG9FY2xpbmljYWxQdXBwZXRlZXIvRjJVeTM4WDBjbkE {"name":"operations/YW1hLWFwcC1hNWU3Yi91cy1jZW50cmFsMS9hZGRQYXRpZW50VG9FY2xpbmljYWxQdXBwZXRlZXIvRjJVeTM4WDBjbkE","metadata":{"@type":"type.googleapis.com/google.cloud.functions.v1.OperationMetadataV1","target":"projects/ama-app-a5e7b/locations/us-central1/functions/addPatientToEclinicalPuppeteer","type":"UPDATE_FUNCTION","request":{"@type":"type.googleapis.com/google.cloud.functions.v1.CloudFunction","name":"projects/ama-app-a5e7b/locations/us-central1/functions/addPatientToEclinicalPuppeteer","httpsTrigger":{"url":"https://us-central1-ama-app-a5e7b.cloudfunctions.net/addPatientToEclinicalPuppeteer","securityLevel":"SECURE_ALWAYS"},"status":"ACTIVE","entryPoint":"addPatientToEclinicalPuppeteer","timeout":"540s","availableMemoryMb":2048,"serviceAccountEmail":"ama-app-a5e7b@appspot.gserviceaccount.com","updateTime":"2022-10-14T22:11:21.149Z","versionId":"27","labels":{"deployment-tool":"cli-firebase","deployment-callable":"true"},"sourceUploadUrl":"https://storage.googleapis.com/uploads-168178294821.us-central1.cloudfunctions.appspot.com/acdd0b4f-7559-4c76-959b-b6366199361d.zip?GoogleAccessId=service-137084495352@gcf-admin-robot.iam.gserviceaccount.com&Expires=1665787545&Signature=F94MCLWcN3vMWI4MgIFDZCkJm%2Bwnc9bLfvu1UKEM8R8Z4DKH41lE10BVIhxUdNiUu1zqK9z8mjflIlHdvIFN8tfHbtAvYwnPRM8mdz4%2BoOFCQikVN2sVYjp6mmFKoRTg3FSPxxBD48IP4pIfcVjlVJPfrlJvIuoFrdfeIrYXdFg9hJR2Mk8n%2Fnlj9GsWl8LU2o5cAu4A31tnI3EWE%2Fy7U2gS4dqubOzYcd2fecSPKtgIi%2By1%2B72okzbxmUAmRta2c4fuMrpUwLN5xZEE0SHw6ptMHaB3c2if6nAN81d%2FRMxJ638inX8t5A2nElAkDVzcNyAaQ7e4DxBFGCUC1GMi%2BA%3D%3D","environmentVariables":{"FIREBASE_CONFIG":"{\"projectId\":\"ama-app-a5e7b\",\"storageBucket\":\"ama-app-a5e7b.appspot.com\",\"locationId\":\"us-central\"}","GCLOUD_PROJECT":"ama-app-a5e7b"},"runtime":"nodejs14","ingressSettings":"ALLOW_ALL","buildId":"cd431508-0b90-4339-a352-389d890326c2","buildName":"projects/137084495352/locations/us-central1/builds/cd431508-0b90-4339-a352-389d890326c2","dockerRegistry":"ARTIFACT_REGISTRY"},"versionId":"28","updateTime":"2022-10-14T22:15:46Z","buildId":"b36c77f0-6f26-45ba-8855-1012b4e9c9c1","buildName":"projects/137084495352/locations/us-central1/builds/b36c77f0-6f26-45ba-8855-1012b4e9c9c1"}}
[debug] [2022-10-14T22:16:44.364Z] [update-default-us-central1-addPatientToEclinicalPuppeteer] Retrying task index 0
[debug] [2022-10-14T22:16:44.364Z] >>> [apiv2][query] GET https://cloudfunctions.googleapis.com/v1/operations/YW1hLWFwcC1hNWU3Yi91cy1jZW50cmFsMS9hZGRQYXRpZW50VG9FY2xpbmljYWxQdXBwZXRlZXIvRjJVeTM4WDBjbkE [none]
[debug] [2022-10-14T22:16:44.669Z] <<< [apiv2][status] GET https://cloudfunctions.googleapis.com/v1/operations/YW1hLWFwcC1hNWU3Yi91cy1jZW50cmFsMS9hZGRQYXRpZW50VG9FY2xpbmljYWxQdXBwZXRlZXIvRjJVeTM4WDBjbkE 200
[debug] [2022-10-14T22:16:44.669Z] <<< [apiv2][body] GET https://cloudfunctions.googleapis.com/v1/operations/YW1hLWFwcC1hNWU3Yi91cy1jZW50cmFsMS9hZGRQYXRpZW50VG9FY2xpbmljYWxQdXBwZXRlZXIvRjJVeTM4WDBjbkE {"name":"operations/YW1hLWFwcC1hNWU3Yi91cy1jZW50cmFsMS9hZGRQYXRpZW50VG9FY2xpbmljYWxQdXBwZXRlZXIvRjJVeTM4WDBjbkE","metadata":{"@type":"type.googleapis.com/google.cloud.functions.v1.OperationMetadataV1","target":"projects/ama-app-a5e7b/locations/us-central1/functions/addPatientToEclinicalPuppeteer","type":"UPDATE_FUNCTION","request":{"@type":"type.googleapis.com/google.cloud.functions.v1.CloudFunction","name":"projects/ama-app-a5e7b/locations/us-central1/functions/addPatientToEclinicalPuppeteer","httpsTrigger":{"url":"https://us-central1-ama-app-a5e7b.cloudfunctions.net/addPatientToEclinicalPuppeteer","securityLevel":"SECURE_ALWAYS"},"status":"ACTIVE","entryPoint":"addPatientToEclinicalPuppeteer","timeout":"540s","availableMemoryMb":2048,"serviceAccountEmail":"ama-app-a5e7b@appspot.gserviceaccount.com","updateTime":"2022-10-14T22:11:21.149Z","versionId":"27","labels":{"deployment-tool":"cli-firebase","deployment-callable":"true"},"sourceUploadUrl":"https://storage.googleapis.com/uploads-168178294821.us-central1.cloudfunctions.appspot.com/acdd0b4f-7559-4c76-959b-b6366199361d.zip?GoogleAccessId=service-137084495352@gcf-admin-robot.iam.gserviceaccount.com&Expires=1665787545&Signature=F94MCLWcN3vMWI4MgIFDZCkJm%2Bwnc9bLfvu1UKEM8R8Z4DKH41lE10BVIhxUdNiUu1zqK9z8mjflIlHdvIFN8tfHbtAvYwnPRM8mdz4%2BoOFCQikVN2sVYjp6mmFKoRTg3FSPxxBD48IP4pIfcVjlVJPfrlJvIuoFrdfeIrYXdFg9hJR2Mk8n%2Fnlj9GsWl8LU2o5cAu4A31tnI3EWE%2Fy7U2gS4dqubOzYcd2fecSPKtgIi%2By1%2B72okzbxmUAmRta2c4fuMrpUwLN5xZEE0SHw6ptMHaB3c2if6nAN81d%2FRMxJ638inX8t5A2nElAkDVzcNyAaQ7e4DxBFGCUC1GMi%2BA%3D%3D","environmentVariables":{"FIREBASE_CONFIG":"{\"projectId\":\"ama-app-a5e7b\",\"storageBucket\":\"ama-app-a5e7b.appspot.com\",\"locationId\":\"us-central\"}","GCLOUD_PROJECT":"ama-app-a5e7b"},"runtime":"nodejs14","ingressSettings":"ALLOW_ALL","buildId":"cd431508-0b90-4339-a352-389d890326c2","buildName":"projects/137084495352/locations/us-central1/builds/cd431508-0b90-4339-a352-389d890326c2","dockerRegistry":"ARTIFACT_REGISTRY"},"versionId":"28","updateTime":"2022-10-14T22:15:46Z","buildId":"b36c77f0-6f26-45ba-8855-1012b4e9c9c1","buildName":"projects/137084495352/locations/us-central1/builds/b36c77f0-6f26-45ba-8855-1012b4e9c9c1"}}
[debug] [2022-10-14T22:16:54.670Z] [update-default-us-central1-addPatientToEclinicalPuppeteer] Retrying task index 0
[debug] [2022-10-14T22:16:54.671Z] >>> [apiv2][query] GET https://cloudfunctions.googleapis.com/v1/operations/YW1hLWFwcC1hNWU3Yi91cy1jZW50cmFsMS9hZGRQYXRpZW50VG9FY2xpbmljYWxQdXBwZXRlZXIvRjJVeTM4WDBjbkE [none]
[debug] [2022-10-14T22:16:54.943Z] <<< [apiv2][status] GET https://cloudfunctions.googleapis.com/v1/operations/YW1hLWFwcC1hNWU3Yi91cy1jZW50cmFsMS9hZGRQYXRpZW50VG9FY2xpbmljYWxQdXBwZXRlZXIvRjJVeTM4WDBjbkE 200
[debug] [2022-10-14T22:16:54.943Z] <<< [apiv2][body] GET https://cloudfunctions.googleapis.com/v1/operations/YW1hLWFwcC1hNWU3Yi91cy1jZW50cmFsMS9hZGRQYXRpZW50VG9FY2xpbmljYWxQdXBwZXRlZXIvRjJVeTM4WDBjbkE {"name":"operations/YW1hLWFwcC1hNWU3Yi91cy1jZW50cmFsMS9hZGRQYXRpZW50VG9FY2xpbmljYWxQdXBwZXRlZXIvRjJVeTM4WDBjbkE","metadata":{"@type":"type.googleapis.com/google.cloud.functions.v1.OperationMetadataV1","target":"projects/ama-app-a5e7b/locations/us-central1/functions/addPatientToEclinicalPuppeteer","type":"UPDATE_FUNCTION","request":{"@type":"type.googleapis.com/google.cloud.functions.v1.CloudFunction","name":"projects/ama-app-a5e7b/locations/us-central1/functions/addPatientToEclinicalPuppeteer","httpsTrigger":{"url":"https://us-central1-ama-app-a5e7b.cloudfunctions.net/addPatientToEclinicalPuppeteer","securityLevel":"SECURE_ALWAYS"},"status":"ACTIVE","entryPoint":"addPatientToEclinicalPuppeteer","timeout":"540s","availableMemoryMb":2048,"serviceAccountEmail":"ama-app-a5e7b@appspot.gserviceaccount.com","updateTime":"2022-10-14T22:11:21.149Z","versionId":"27","labels":{"deployment-tool":"cli-firebase","deployment-callable":"true"},"sourceUploadUrl":"https://storage.googleapis.com/uploads-168178294821.us-central1.cloudfunctions.appspot.com/acdd0b4f-7559-4c76-959b-b6366199361d.zip?GoogleAccessId=service-137084495352@gcf-admin-robot.iam.gserviceaccount.com&Expires=1665787545&Signature=F94MCLWcN3vMWI4MgIFDZCkJm%2Bwnc9bLfvu1UKEM8R8Z4DKH41lE10BVIhxUdNiUu1zqK9z8mjflIlHdvIFN8tfHbtAvYwnPRM8mdz4%2BoOFCQikVN2sVYjp6mmFKoRTg3FSPxxBD48IP4pIfcVjlVJPfrlJvIuoFrdfeIrYXdFg9hJR2Mk8n%2Fnlj9GsWl8LU2o5cAu4A31tnI3EWE%2Fy7U2gS4dqubOzYcd2fecSPKtgIi%2By1%2B72okzbxmUAmRta2c4fuMrpUwLN5xZEE0SHw6ptMHaB3c2if6nAN81d%2FRMxJ638inX8t5A2nElAkDVzcNyAaQ7e4DxBFGCUC1GMi%2BA%3D%3D","environmentVariables":{"FIREBASE_CONFIG":"{\"projectId\":\"ama-app-a5e7b\",\"storageBucket\":\"ama-app-a5e7b.appspot.com\",\"locationId\":\"us-central\"}","GCLOUD_PROJECT":"ama-app-a5e7b"},"runtime":"nodejs14","ingressSettings":"ALLOW_ALL","buildId":"cd431508-0b90-4339-a352-389d890326c2","buildName":"projects/137084495352/locations/us-central1/builds/cd431508-0b90-4339-a352-389d890326c2","dockerRegistry":"ARTIFACT_REGISTRY"},"versionId":"28","updateTime":"2022-10-14T22:15:46Z","buildId":"b36c77f0-6f26-45ba-8855-1012b4e9c9c1","buildName":"projects/137084495352/locations/us-central1/builds/b36c77f0-6f26-45ba-8855-1012b4e9c9c1"}}
[debug] [2022-10-14T22:17:04.945Z] [update-default-us-central1-addPatientToEclinicalPuppeteer] Retrying task index 0
[debug] [2022-10-14T22:17:04.945Z] >>> [apiv2][query] GET https://cloudfunctions.googleapis.com/v1/operations/YW1hLWFwcC1hNWU3Yi91cy1jZW50cmFsMS9hZGRQYXRpZW50VG9FY2xpbmljYWxQdXBwZXRlZXIvRjJVeTM4WDBjbkE [none]
[debug] [2022-10-14T22:17:05.244Z] <<< [apiv2][status] GET https://cloudfunctions.googleapis.com/v1/operations/YW1hLWFwcC1hNWU3Yi91cy1jZW50cmFsMS9hZGRQYXRpZW50VG9FY2xpbmljYWxQdXBwZXRlZXIvRjJVeTM4WDBjbkE 200
[debug] [2022-10-14T22:17:05.245Z] <<< [apiv2][body] GET https://cloudfunctions.googleapis.com/v1/operations/YW1hLWFwcC1hNWU3Yi91cy1jZW50cmFsMS9hZGRQYXRpZW50VG9FY2xpbmljYWxQdXBwZXRlZXIvRjJVeTM4WDBjbkE {"name":"operations/YW1hLWFwcC1hNWU3Yi91cy1jZW50cmFsMS9hZGRQYXRpZW50VG9FY2xpbmljYWxQdXBwZXRlZXIvRjJVeTM4WDBjbkE","metadata":{"@type":"type.googleapis.com/google.cloud.functions.v1.OperationMetadataV1","target":"projects/ama-app-a5e7b/locations/us-central1/functions/addPatientToEclinicalPuppeteer","type":"UPDATE_FUNCTION","request":{"@type":"type.googleapis.com/google.cloud.functions.v1.CloudFunction","name":"projects/ama-app-a5e7b/locations/us-central1/functions/addPatientToEclinicalPuppeteer","httpsTrigger":{"url":"https://us-central1-ama-app-a5e7b.cloudfunctions.net/addPatientToEclinicalPuppeteer","securityLevel":"SECURE_ALWAYS"},"status":"ACTIVE","entryPoint":"addPatientToEclinicalPuppeteer","timeout":"540s","availableMemoryMb":2048,"serviceAccountEmail":"ama-app-a5e7b@appspot.gserviceaccount.com","updateTime":"2022-10-14T22:11:21.149Z","versionId":"27","labels":{"deployment-tool":"cli-firebase","deployment-callable":"true"},"sourceUploadUrl":"https://storage.googleapis.com/uploads-168178294821.us-central1.cloudfunctions.appspot.com/acdd0b4f-7559-4c76-959b-b6366199361d.zip?GoogleAccessId=service-137084495352@gcf-admin-robot.iam.gserviceaccount.com&Expires=1665787545&Signature=F94MCLWcN3vMWI4MgIFDZCkJm%2Bwnc9bLfvu1UKEM8R8Z4DKH41lE10BVIhxUdNiUu1zqK9z8mjflIlHdvIFN8tfHbtAvYwnPRM8mdz4%2BoOFCQikVN2sVYjp6mmFKoRTg3FSPxxBD48IP4pIfcVjlVJPfrlJvIuoFrdfeIrYXdFg9hJR2Mk8n%2Fnlj9GsWl8LU2o5cAu4A31tnI3EWE%2Fy7U2gS4dqubOzYcd2fecSPKtgIi%2By1%2B72okzbxmUAmRta2c4fuMrpUwLN5xZEE0SHw6ptMHaB3c2if6nAN81d%2FRMxJ638inX8t5A2nElAkDVzcNyAaQ7e4DxBFGCUC1GMi%2BA%3D%3D","environmentVariables":{"FIREBASE_CONFIG":"{\"projectId\":\"ama-app-a5e7b\",\"storageBucket\":\"ama-app-a5e7b.appspot.com\",\"locationId\":\"us-central\"}","GCLOUD_PROJECT":"ama-app-a5e7b"},"runtime":"nodejs14","ingressSettings":"ALLOW_ALL","buildId":"cd431508-0b90-4339-a352-389d890326c2","buildName":"projects/137084495352/locations/us-central1/builds/cd431508-0b90-4339-a352-389d890326c2","dockerRegistry":"ARTIFACT_REGISTRY"},"versionId":"28","updateTime":"2022-10-14T22:15:46Z","buildId":"b36c77f0-6f26-45ba-8855-1012b4e9c9c1","buildName":"projects/137084495352/locations/us-central1/builds/b36c77f0-6f26-45ba-8855-1012b4e9c9c1"}}
[debug] [2022-10-14T22:17:15.246Z] [update-default-us-central1-addPatientToEclinicalPuppeteer] Retrying task index 0
[debug] [2022-10-14T22:17:15.246Z] >>> [apiv2][query] GET https://cloudfunctions.googleapis.com/v1/operations/YW1hLWFwcC1hNWU3Yi91cy1jZW50cmFsMS9hZGRQYXRpZW50VG9FY2xpbmljYWxQdXBwZXRlZXIvRjJVeTM4WDBjbkE [none]
[debug] [2022-10-14T22:17:15.416Z] <<< [apiv2][status] GET https://cloudfunctions.googleapis.com/v1/operations/YW1hLWFwcC1hNWU3Yi91cy1jZW50cmFsMS9hZGRQYXRpZW50VG9FY2xpbmljYWxQdXBwZXRlZXIvRjJVeTM4WDBjbkE 200
[debug] [2022-10-14T22:17:15.417Z] <<< [apiv2][body] GET https://cloudfunctions.googleapis.com/v1/operations/YW1hLWFwcC1hNWU3Yi91cy1jZW50cmFsMS9hZGRQYXRpZW50VG9FY2xpbmljYWxQdXBwZXRlZXIvRjJVeTM4WDBjbkE {"name":"operations/YW1hLWFwcC1hNWU3Yi91cy1jZW50cmFsMS9hZGRQYXRpZW50VG9FY2xpbmljYWxQdXBwZXRlZXIvRjJVeTM4WDBjbkE","metadata":{"@type":"type.googleapis.com/google.cloud.functions.v1.OperationMetadataV1","target":"projects/ama-app-a5e7b/locations/us-central1/functions/addPatientToEclinicalPuppeteer","type":"UPDATE_FUNCTION","request":{"@type":"type.googleapis.com/google.cloud.functions.v1.CloudFunction","name":"projects/ama-app-a5e7b/locations/us-central1/functions/addPatientToEclinicalPuppeteer","httpsTrigger":{"url":"https://us-central1-ama-app-a5e7b.cloudfunctions.net/addPatientToEclinicalPuppeteer","securityLevel":"SECURE_ALWAYS"},"status":"ACTIVE","entryPoint":"addPatientToEclinicalPuppeteer","timeout":"540s","availableMemoryMb":2048,"serviceAccountEmail":"ama-app-a5e7b@appspot.gserviceaccount.com","updateTime":"2022-10-14T22:11:21.149Z","versionId":"27","labels":{"deployment-tool":"cli-firebase","deployment-callable":"true"},"sourceUploadUrl":"https://storage.googleapis.com/uploads-168178294821.us-central1.cloudfunctions.appspot.com/acdd0b4f-7559-4c76-959b-b6366199361d.zip?GoogleAccessId=service-137084495352@gcf-admin-robot.iam.gserviceaccount.com&Expires=1665787545&Signature=F94MCLWcN3vMWI4MgIFDZCkJm%2Bwnc9bLfvu1UKEM8R8Z4DKH41lE10BVIhxUdNiUu1zqK9z8mjflIlHdvIFN8tfHbtAvYwnPRM8mdz4%2BoOFCQikVN2sVYjp6mmFKoRTg3FSPxxBD48IP4pIfcVjlVJPfrlJvIuoFrdfeIrYXdFg9hJR2Mk8n%2Fnlj9GsWl8LU2o5cAu4A31tnI3EWE%2Fy7U2gS4dqubOzYcd2fecSPKtgIi%2By1%2B72okzbxmUAmRta2c4fuMrpUwLN5xZEE0SHw6ptMHaB3c2if6nAN81d%2FRMxJ638inX8t5A2nElAkDVzcNyAaQ7e4DxBFGCUC1GMi%2BA%3D%3D","environmentVariables":{"FIREBASE_CONFIG":"{\"projectId\":\"ama-app-a5e7b\",\"storageBucket\":\"ama-app-a5e7b.appspot.com\",\"locationId\":\"us-central\"}","GCLOUD_PROJECT":"ama-app-a5e7b"},"runtime":"nodejs14","ingressSettings":"ALLOW_ALL","buildId":"cd431508-0b90-4339-a352-389d890326c2","buildName":"projects/137084495352/locations/us-central1/builds/cd431508-0b90-4339-a352-389d890326c2","dockerRegistry":"ARTIFACT_REGISTRY"},"versionId":"28","updateTime":"2022-10-14T22:15:46Z","buildId":"b36c77f0-6f26-45ba-8855-1012b4e9c9c1","sourceToken":"68154fef-f4ea-4ba0-af76-7a5bb48aaf91","buildName":"projects/137084495352/locations/us-central1/builds/b36c77f0-6f26-45ba-8855-1012b4e9c9c1"}}
[debug] [2022-10-14T22:17:15.417Z] Got source token 68154fef-f4ea-4ba0-af76-7a5bb48aaf91 for region us-central1
[debug] [2022-10-14T22:17:25.419Z] [update-default-us-central1-addPatientToEclinicalPuppeteer] Retrying task index 0
[debug] [2022-10-14T22:17:25.419Z] >>> [apiv2][query] GET https://cloudfunctions.googleapis.com/v1/operations/YW1hLWFwcC1hNWU3Yi91cy1jZW50cmFsMS9hZGRQYXRpZW50VG9FY2xpbmljYWxQdXBwZXRlZXIvRjJVeTM4WDBjbkE [none]
[debug] [2022-10-14T22:17:25.724Z] <<< [apiv2][status] GET https://cloudfunctions.googleapis.com/v1/operations/YW1hLWFwcC1hNWU3Yi91cy1jZW50cmFsMS9hZGRQYXRpZW50VG9FY2xpbmljYWxQdXBwZXRlZXIvRjJVeTM4WDBjbkE 200
[debug] [2022-10-14T22:17:25.724Z] <<< [apiv2][body] GET https://cloudfunctions.googleapis.com/v1/operations/YW1hLWFwcC1hNWU3Yi91cy1jZW50cmFsMS9hZGRQYXRpZW50VG9FY2xpbmljYWxQdXBwZXRlZXIvRjJVeTM4WDBjbkE {"name":"operations/YW1hLWFwcC1hNWU3Yi91cy1jZW50cmFsMS9hZGRQYXRpZW50VG9FY2xpbmljYWxQdXBwZXRlZXIvRjJVeTM4WDBjbkE","metadata":{"@type":"type.googleapis.com/google.cloud.functions.v1.OperationMetadataV1","target":"projects/ama-app-a5e7b/locations/us-central1/functions/addPatientToEclinicalPuppeteer","type":"UPDATE_FUNCTION","request":{"@type":"type.googleapis.com/google.cloud.functions.v1.CloudFunction","name":"projects/ama-app-a5e7b/locations/us-central1/functions/addPatientToEclinicalPuppeteer","httpsTrigger":{"url":"https://us-central1-ama-app-a5e7b.cloudfunctions.net/addPatientToEclinicalPuppeteer","securityLevel":"SECURE_ALWAYS"},"status":"ACTIVE","entryPoint":"addPatientToEclinicalPuppeteer","timeout":"540s","availableMemoryMb":2048,"serviceAccountEmail":"ama-app-a5e7b@appspot.gserviceaccount.com","updateTime":"2022-10-14T22:11:21.149Z","versionId":"27","labels":{"deployment-tool":"cli-firebase","deployment-callable":"true"},"sourceUploadUrl":"https://storage.googleapis.com/uploads-168178294821.us-central1.cloudfunctions.appspot.com/acdd0b4f-7559-4c76-959b-b6366199361d.zip?GoogleAccessId=service-137084495352@gcf-admin-robot.iam.gserviceaccount.com&Expires=1665787545&Signature=F94MCLWcN3vMWI4MgIFDZCkJm%2Bwnc9bLfvu1UKEM8R8Z4DKH41lE10BVIhxUdNiUu1zqK9z8mjflIlHdvIFN8tfHbtAvYwnPRM8mdz4%2BoOFCQikVN2sVYjp6mmFKoRTg3FSPxxBD48IP4pIfcVjlVJPfrlJvIuoFrdfeIrYXdFg9hJR2Mk8n%2Fnlj9GsWl8LU2o5cAu4A31tnI3EWE%2Fy7U2gS4dqubOzYcd2fecSPKtgIi%2By1%2B72okzbxmUAmRta2c4fuMrpUwLN5xZEE0SHw6ptMHaB3c2if6nAN81d%2FRMxJ638inX8t5A2nElAkDVzcNyAaQ7e4DxBFGCUC1GMi%2BA%3D%3D","environmentVariables":{"FIREBASE_CONFIG":"{\"projectId\":\"ama-app-a5e7b\",\"storageBucket\":\"ama-app-a5e7b.appspot.com\",\"locationId\":\"us-central\"}","GCLOUD_PROJECT":"ama-app-a5e7b"},"runtime":"nodejs14","ingressSettings":"ALLOW_ALL","buildId":"cd431508-0b90-4339-a352-389d890326c2","buildName":"projects/137084495352/locations/us-central1/builds/cd431508-0b90-4339-a352-389d890326c2","dockerRegistry":"ARTIFACT_REGISTRY"},"versionId":"28","updateTime":"2022-10-14T22:15:46Z","buildId":"b36c77f0-6f26-45ba-8855-1012b4e9c9c1","sourceToken":"68154fef-f4ea-4ba0-af76-7a5bb48aaf91","buildName":"projects/137084495352/locations/us-central1/builds/b36c77f0-6f26-45ba-8855-1012b4e9c9c1"}}
[debug] [2022-10-14T22:17:25.724Z] Got source token 68154fef-f4ea-4ba0-af76-7a5bb48aaf91 for region us-central1
[debug] [2022-10-14T22:17:35.725Z] [update-default-us-central1-addPatientToEclinicalPuppeteer] Retrying task index 0
[debug] [2022-10-14T22:17:35.725Z] >>> [apiv2][query] GET https://cloudfunctions.googleapis.com/v1/operations/YW1hLWFwcC1hNWU3Yi91cy1jZW50cmFsMS9hZGRQYXRpZW50VG9FY2xpbmljYWxQdXBwZXRlZXIvRjJVeTM4WDBjbkE [none]
[debug] [2022-10-14T22:17:35.939Z] <<< [apiv2][status] GET https://cloudfunctions.googleapis.com/v1/operations/YW1hLWFwcC1hNWU3Yi91cy1jZW50cmFsMS9hZGRQYXRpZW50VG9FY2xpbmljYWxQdXBwZXRlZXIvRjJVeTM4WDBjbkE 200
[debug] [2022-10-14T22:17:35.939Z] <<< [apiv2][body] GET https://cloudfunctions.googleapis.com/v1/operations/YW1hLWFwcC1hNWU3Yi91cy1jZW50cmFsMS9hZGRQYXRpZW50VG9FY2xpbmljYWxQdXBwZXRlZXIvRjJVeTM4WDBjbkE {"name":"operations/YW1hLWFwcC1hNWU3Yi91cy1jZW50cmFsMS9hZGRQYXRpZW50VG9FY2xpbmljYWxQdXBwZXRlZXIvRjJVeTM4WDBjbkE","metadata":{"@type":"type.googleapis.com/google.cloud.functions.v1.OperationMetadataV1","target":"projects/ama-app-a5e7b/locations/us-central1/functions/addPatientToEclinicalPuppeteer","type":"UPDATE_FUNCTION","request":{"@type":"type.googleapis.com/google.cloud.functions.v1.CloudFunction","name":"projects/ama-app-a5e7b/locations/us-central1/functions/addPatientToEclinicalPuppeteer","httpsTrigger":{"url":"https://us-central1-ama-app-a5e7b.cloudfunctions.net/addPatientToEclinicalPuppeteer","securityLevel":"SECURE_ALWAYS"},"status":"ACTIVE","entryPoint":"addPatientToEclinicalPuppeteer","timeout":"540s","availableMemoryMb":2048,"serviceAccountEmail":"ama-app-a5e7b@appspot.gserviceaccount.com","updateTime":"2022-10-14T22:11:21.149Z","versionId":"27","labels":{"deployment-tool":"cli-firebase","deployment-callable":"true"},"sourceUploadUrl":"https://storage.googleapis.com/uploads-168178294821.us-central1.cloudfunctions.appspot.com/acdd0b4f-7559-4c76-959b-b6366199361d.zip?GoogleAccessId=service-137084495352@gcf-admin-robot.iam.gserviceaccount.com&Expires=1665787545&Signature=F94MCLWcN3vMWI4MgIFDZCkJm%2Bwnc9bLfvu1UKEM8R8Z4DKH41lE10BVIhxUdNiUu1zqK9z8mjflIlHdvIFN8tfHbtAvYwnPRM8mdz4%2BoOFCQikVN2sVYjp6mmFKoRTg3FSPxxBD48IP4pIfcVjlVJPfrlJvIuoFrdfeIrYXdFg9hJR2Mk8n%2Fnlj9GsWl8LU2o5cAu4A31tnI3EWE%2Fy7U2gS4dqubOzYcd2fecSPKtgIi%2By1%2B72okzbxmUAmRta2c4fuMrpUwLN5xZEE0SHw6ptMHaB3c2if6nAN81d%2FRMxJ638inX8t5A2nElAkDVzcNyAaQ7e4DxBFGCUC1GMi%2BA%3D%3D","environmentVariables":{"FIREBASE_CONFIG":"{\"projectId\":\"ama-app-a5e7b\",\"storageBucket\":\"ama-app-a5e7b.appspot.com\",\"locationId\":\"us-central\"}","GCLOUD_PROJECT":"ama-app-a5e7b"},"runtime":"nodejs14","ingressSettings":"ALLOW_ALL","buildId":"cd431508-0b90-4339-a352-389d890326c2","buildName":"projects/137084495352/locations/us-central1/builds/cd431508-0b90-4339-a352-389d890326c2","dockerRegistry":"ARTIFACT_REGISTRY"},"versionId":"28","updateTime":"2022-10-14T22:15:46Z","buildId":"b36c77f0-6f26-45ba-8855-1012b4e9c9c1","sourceToken":"68154fef-f4ea-4ba0-af76-7a5bb48aaf91","buildName":"projects/137084495352/locations/us-central1/builds/b36c77f0-6f26-45ba-8855-1012b4e9c9c1"}}
[debug] [2022-10-14T22:17:35.939Z] Got source token 68154fef-f4ea-4ba0-af76-7a5bb48aaf91 for region us-central1
[debug] [2022-10-14T22:17:45.940Z] [update-default-us-central1-addPatientToEclinicalPuppeteer] Retrying task index 0
[debug] [2022-10-14T22:17:45.940Z] >>> [apiv2][query] GET https://cloudfunctions.googleapis.com/v1/operations/YW1hLWFwcC1hNWU3Yi91cy1jZW50cmFsMS9hZGRQYXRpZW50VG9FY2xpbmljYWxQdXBwZXRlZXIvRjJVeTM4WDBjbkE [none]
[debug] [2022-10-14T22:17:46.324Z] <<< [apiv2][status] GET https://cloudfunctions.googleapis.com/v1/operations/YW1hLWFwcC1hNWU3Yi91cy1jZW50cmFsMS9hZGRQYXRpZW50VG9FY2xpbmljYWxQdXBwZXRlZXIvRjJVeTM4WDBjbkE 200
[debug] [2022-10-14T22:17:46.324Z] <<< [apiv2][body] GET https://cloudfunctions.googleapis.com/v1/operations/YW1hLWFwcC1hNWU3Yi91cy1jZW50cmFsMS9hZGRQYXRpZW50VG9FY2xpbmljYWxQdXBwZXRlZXIvRjJVeTM4WDBjbkE {"name":"operations/YW1hLWFwcC1hNWU3Yi91cy1jZW50cmFsMS9hZGRQYXRpZW50VG9FY2xpbmljYWxQdXBwZXRlZXIvRjJVeTM4WDBjbkE","metadata":{"@type":"type.googleapis.com/google.cloud.functions.v1.OperationMetadataV1","target":"projects/ama-app-a5e7b/locations/us-central1/functions/addPatientToEclinicalPuppeteer","type":"UPDATE_FUNCTION","request":{"@type":"type.googleapis.com/google.cloud.functions.v1.CloudFunction","name":"projects/ama-app-a5e7b/locations/us-central1/functions/addPatientToEclinicalPuppeteer","httpsTrigger":{"url":"https://us-central1-ama-app-a5e7b.cloudfunctions.net/addPatientToEclinicalPuppeteer","securityLevel":"SECURE_ALWAYS"},"status":"ACTIVE","entryPoint":"addPatientToEclinicalPuppeteer","timeout":"540s","availableMemoryMb":2048,"serviceAccountEmail":"ama-app-a5e7b@appspot.gserviceaccount.com","updateTime":"2022-10-14T22:11:21.149Z","versionId":"27","labels":{"deployment-tool":"cli-firebase","deployment-callable":"true"},"sourceUploadUrl":"https://storage.googleapis.com/uploads-168178294821.us-central1.cloudfunctions.appspot.com/acdd0b4f-7559-4c76-959b-b6366199361d.zip?GoogleAccessId=service-137084495352@gcf-admin-robot.iam.gserviceaccount.com&Expires=1665787545&Signature=F94MCLWcN3vMWI4MgIFDZCkJm%2Bwnc9bLfvu1UKEM8R8Z4DKH41lE10BVIhxUdNiUu1zqK9z8mjflIlHdvIFN8tfHbtAvYwnPRM8mdz4%2BoOFCQikVN2sVYjp6mmFKoRTg3FSPxxBD48IP4pIfcVjlVJPfrlJvIuoFrdfeIrYXdFg9hJR2Mk8n%2Fnlj9GsWl8LU2o5cAu4A31tnI3EWE%2Fy7U2gS4dqubOzYcd2fecSPKtgIi%2By1%2B72okzbxmUAmRta2c4fuMrpUwLN5xZEE0SHw6ptMHaB3c2if6nAN81d%2FRMxJ638inX8t5A2nElAkDVzcNyAaQ7e4DxBFGCUC1GMi%2BA%3D%3D","environmentVariables":{"FIREBASE_CONFIG":"{\"projectId\":\"ama-app-a5e7b\",\"storageBucket\":\"ama-app-a5e7b.appspot.com\",\"locationId\":\"us-central\"}","GCLOUD_PROJECT":"ama-app-a5e7b"},"runtime":"nodejs14","ingressSettings":"ALLOW_ALL","buildId":"cd431508-0b90-4339-a352-389d890326c2","buildName":"projects/137084495352/locations/us-central1/builds/cd431508-0b90-4339-a352-389d890326c2","dockerRegistry":"ARTIFACT_REGISTRY"},"versionId":"28","updateTime":"2022-10-14T22:15:46Z","buildId":"b36c77f0-6f26-45ba-8855-1012b4e9c9c1","sourceToken":"68154fef-f4ea-4ba0-af76-7a5bb48aaf91","buildName":"projects/137084495352/locations/us-central1/builds/b36c77f0-6f26-45ba-8855-1012b4e9c9c1"}}
[debug] [2022-10-14T22:17:46.324Z] Got source token 68154fef-f4ea-4ba0-af76-7a5bb48aaf91 for region us-central1
[debug] [2022-10-14T22:17:56.325Z] [update-default-us-central1-addPatientToEclinicalPuppeteer] Retrying task index 0
[debug] [2022-10-14T22:17:56.326Z] >>> [apiv2][query] GET https://cloudfunctions.googleapis.com/v1/operations/YW1hLWFwcC1hNWU3Yi91cy1jZW50cmFsMS9hZGRQYXRpZW50VG9FY2xpbmljYWxQdXBwZXRlZXIvRjJVeTM4WDBjbkE [none]
[debug] [2022-10-14T22:17:56.623Z] <<< [apiv2][status] GET https://cloudfunctions.googleapis.com/v1/operations/YW1hLWFwcC1hNWU3Yi91cy1jZW50cmFsMS9hZGRQYXRpZW50VG9FY2xpbmljYWxQdXBwZXRlZXIvRjJVeTM4WDBjbkE 200
[debug] [2022-10-14T22:17:56.623Z] <<< [apiv2][body] GET https://cloudfunctions.googleapis.com/v1/operations/YW1hLWFwcC1hNWU3Yi91cy1jZW50cmFsMS9hZGRQYXRpZW50VG9FY2xpbmljYWxQdXBwZXRlZXIvRjJVeTM4WDBjbkE {"name":"operations/YW1hLWFwcC1hNWU3Yi91cy1jZW50cmFsMS9hZGRQYXRpZW50VG9FY2xpbmljYWxQdXBwZXRlZXIvRjJVeTM4WDBjbkE","metadata":{"@type":"type.googleapis.com/google.cloud.functions.v1.OperationMetadataV1","target":"projects/ama-app-a5e7b/locations/us-central1/functions/addPatientToEclinicalPuppeteer","type":"UPDATE_FUNCTION","request":{"@type":"type.googleapis.com/google.cloud.functions.v1.CloudFunction","name":"projects/ama-app-a5e7b/locations/us-central1/functions/addPatientToEclinicalPuppeteer","httpsTrigger":{"url":"https://us-central1-ama-app-a5e7b.cloudfunctions.net/addPatientToEclinicalPuppeteer","securityLevel":"SECURE_ALWAYS"},"status":"ACTIVE","entryPoint":"addPatientToEclinicalPuppeteer","timeout":"540s","availableMemoryMb":2048,"serviceAccountEmail":"ama-app-a5e7b@appspot.gserviceaccount.com","updateTime":"2022-10-14T22:11:21.149Z","versionId":"27","labels":{"deployment-tool":"cli-firebase","deployment-callable":"true"},"sourceUploadUrl":"https://storage.googleapis.com/uploads-168178294821.us-central1.cloudfunctions.appspot.com/acdd0b4f-7559-4c76-959b-b6366199361d.zip?GoogleAccessId=service-137084495352@gcf-admin-robot.iam.gserviceaccount.com&Expires=1665787545&Signature=F94MCLWcN3vMWI4MgIFDZCkJm%2Bwnc9bLfvu1UKEM8R8Z4DKH41lE10BVIhxUdNiUu1zqK9z8mjflIlHdvIFN8tfHbtAvYwnPRM8mdz4%2BoOFCQikVN2sVYjp6mmFKoRTg3FSPxxBD48IP4pIfcVjlVJPfrlJvIuoFrdfeIrYXdFg9hJR2Mk8n%2Fnlj9GsWl8LU2o5cAu4A31tnI3EWE%2Fy7U2gS4dqubOzYcd2fecSPKtgIi%2By1%2B72okzbxmUAmRta2c4fuMrpUwLN5xZEE0SHw6ptMHaB3c2if6nAN81d%2FRMxJ638inX8t5A2nElAkDVzcNyAaQ7e4DxBFGCUC1GMi%2BA%3D%3D","environmentVariables":{"FIREBASE_CONFIG":"{\"projectId\":\"ama-app-a5e7b\",\"storageBucket\":\"ama-app-a5e7b.appspot.com\",\"locationId\":\"us-central\"}","GCLOUD_PROJECT":"ama-app-a5e7b"},"runtime":"nodejs14","ingressSettings":"ALLOW_ALL","buildId":"cd431508-0b90-4339-a352-389d890326c2","buildName":"projects/137084495352/locations/us-central1/builds/cd431508-0b90-4339-a352-389d890326c2","dockerRegistry":"ARTIFACT_REGISTRY"},"versionId":"28","updateTime":"2022-10-14T22:15:46Z","buildId":"b36c77f0-6f26-45ba-8855-1012b4e9c9c1","sourceToken":"68154fef-f4ea-4ba0-af76-7a5bb48aaf91","buildName":"projects/137084495352/locations/us-central1/builds/b36c77f0-6f26-45ba-8855-1012b4e9c9c1"}}
[debug] [2022-10-14T22:17:56.623Z] Got source token 68154fef-f4ea-4ba0-af76-7a5bb48aaf91 for region us-central1
[debug] [2022-10-14T22:18:06.624Z] [update-default-us-central1-addPatientToEclinicalPuppeteer] Retrying task index 0
[debug] [2022-10-14T22:18:06.624Z] >>> [apiv2][query] GET https://cloudfunctions.googleapis.com/v1/operations/YW1hLWFwcC1hNWU3Yi91cy1jZW50cmFsMS9hZGRQYXRpZW50VG9FY2xpbmljYWxQdXBwZXRlZXIvRjJVeTM4WDBjbkE [none]
[debug] [2022-10-14T22:18:06.886Z] <<< [apiv2][status] GET https://cloudfunctions.googleapis.com/v1/operations/YW1hLWFwcC1hNWU3Yi91cy1jZW50cmFsMS9hZGRQYXRpZW50VG9FY2xpbmljYWxQdXBwZXRlZXIvRjJVeTM4WDBjbkE 200
[debug] [2022-10-14T22:18:06.886Z] <<< [apiv2][body] GET https://cloudfunctions.googleapis.com/v1/operations/YW1hLWFwcC1hNWU3Yi91cy1jZW50cmFsMS9hZGRQYXRpZW50VG9FY2xpbmljYWxQdXBwZXRlZXIvRjJVeTM4WDBjbkE {"name":"operations/YW1hLWFwcC1hNWU3Yi91cy1jZW50cmFsMS9hZGRQYXRpZW50VG9FY2xpbmljYWxQdXBwZXRlZXIvRjJVeTM4WDBjbkE","metadata":{"@type":"type.googleapis.com/google.cloud.functions.v1.OperationMetadataV1","target":"projects/ama-app-a5e7b/locations/us-central1/functions/addPatientToEclinicalPuppeteer","type":"UPDATE_FUNCTION","request":{"@type":"type.googleapis.com/google.cloud.functions.v1.CloudFunction","name":"projects/ama-app-a5e7b/locations/us-central1/functions/addPatientToEclinicalPuppeteer","httpsTrigger":{"url":"https://us-central1-ama-app-a5e7b.cloudfunctions.net/addPatientToEclinicalPuppeteer","securityLevel":"SECURE_ALWAYS"},"status":"ACTIVE","entryPoint":"addPatientToEclinicalPuppeteer","timeout":"540s","availableMemoryMb":2048,"serviceAccountEmail":"ama-app-a5e7b@appspot.gserviceaccount.com","updateTime":"2022-10-14T22:11:21.149Z","versionId":"27","labels":{"deployment-tool":"cli-firebase","deployment-callable":"true"},"sourceUploadUrl":"https://storage.googleapis.com/uploads-168178294821.us-central1.cloudfunctions.appspot.com/acdd0b4f-7559-4c76-959b-b6366199361d.zip?GoogleAccessId=service-137084495352@gcf-admin-robot.iam.gserviceaccount.com&Expires=1665787545&Signature=F94MCLWcN3vMWI4MgIFDZCkJm%2Bwnc9bLfvu1UKEM8R8Z4DKH41lE10BVIhxUdNiUu1zqK9z8mjflIlHdvIFN8tfHbtAvYwnPRM8mdz4%2BoOFCQikVN2sVYjp6mmFKoRTg3FSPxxBD48IP4pIfcVjlVJPfrlJvIuoFrdfeIrYXdFg9hJR2Mk8n%2Fnlj9GsWl8LU2o5cAu4A31tnI3EWE%2Fy7U2gS4dqubOzYcd2fecSPKtgIi%2By1%2B72okzbxmUAmRta2c4fuMrpUwLN5xZEE0SHw6ptMHaB3c2if6nAN81d%2FRMxJ638inX8t5A2nElAkDVzcNyAaQ7e4DxBFGCUC1GMi%2BA%3D%3D","environmentVariables":{"FIREBASE_CONFIG":"{\"projectId\":\"ama-app-a5e7b\",\"storageBucket\":\"ama-app-a5e7b.appspot.com\",\"locationId\":\"us-central\"}","GCLOUD_PROJECT":"ama-app-a5e7b"},"runtime":"nodejs14","ingressSettings":"ALLOW_ALL","buildId":"cd431508-0b90-4339-a352-389d890326c2","buildName":"projects/137084495352/locations/us-central1/builds/cd431508-0b90-4339-a352-389d890326c2","dockerRegistry":"ARTIFACT_REGISTRY"},"versionId":"28","updateTime":"2022-10-14T22:15:46Z","buildId":"b36c77f0-6f26-45ba-8855-1012b4e9c9c1","sourceToken":"68154fef-f4ea-4ba0-af76-7a5bb48aaf91","buildName":"projects/137084495352/locations/us-central1/builds/b36c77f0-6f26-45ba-8855-1012b4e9c9c1"}}
[debug] [2022-10-14T22:18:06.886Z] Got source token 68154fef-f4ea-4ba0-af76-7a5bb48aaf91 for region us-central1
[debug] [2022-10-14T22:18:16.887Z] [update-default-us-central1-addPatientToEclinicalPuppeteer] Retrying task index 0
[debug] [2022-10-14T22:18:16.887Z] >>> [apiv2][query] GET https://cloudfunctions.googleapis.com/v1/operations/YW1hLWFwcC1hNWU3Yi91cy1jZW50cmFsMS9hZGRQYXRpZW50VG9FY2xpbmljYWxQdXBwZXRlZXIvRjJVeTM4WDBjbkE [none]
[debug] [2022-10-14T22:18:17.133Z] <<< [apiv2][status] GET https://cloudfunctions.googleapis.com/v1/operations/YW1hLWFwcC1hNWU3Yi91cy1jZW50cmFsMS9hZGRQYXRpZW50VG9FY2xpbmljYWxQdXBwZXRlZXIvRjJVeTM4WDBjbkE 200
[debug] [2022-10-14T22:18:17.133Z] <<< [apiv2][body] GET https://cloudfunctions.googleapis.com/v1/operations/YW1hLWFwcC1hNWU3Yi91cy1jZW50cmFsMS9hZGRQYXRpZW50VG9FY2xpbmljYWxQdXBwZXRlZXIvRjJVeTM4WDBjbkE {"name":"operations/YW1hLWFwcC1hNWU3Yi91cy1jZW50cmFsMS9hZGRQYXRpZW50VG9FY2xpbmljYWxQdXBwZXRlZXIvRjJVeTM4WDBjbkE","metadata":{"@type":"type.googleapis.com/google.cloud.functions.v1.OperationMetadataV1","target":"projects/ama-app-a5e7b/locations/us-central1/functions/addPatientToEclinicalPuppeteer","type":"UPDATE_FUNCTION","request":{"@type":"type.googleapis.com/google.cloud.functions.v1.CloudFunction","name":"projects/ama-app-a5e7b/locations/us-central1/functions/addPatientToEclinicalPuppeteer","httpsTrigger":{"url":"https://us-central1-ama-app-a5e7b.cloudfunctions.net/addPatientToEclinicalPuppeteer","securityLevel":"SECURE_ALWAYS"},"status":"ACTIVE","entryPoint":"addPatientToEclinicalPuppeteer","timeout":"540s","availableMemoryMb":2048,"serviceAccountEmail":"ama-app-a5e7b@appspot.gserviceaccount.com","updateTime":"2022-10-14T22:11:21.149Z","versionId":"27","labels":{"deployment-tool":"cli-firebase","deployment-callable":"true"},"sourceUploadUrl":"https://storage.googleapis.com/uploads-168178294821.us-central1.cloudfunctions.appspot.com/acdd0b4f-7559-4c76-959b-b6366199361d.zip?GoogleAccessId=service-137084495352@gcf-admin-robot.iam.gserviceaccount.com&Expires=1665787545&Signature=F94MCLWcN3vMWI4MgIFDZCkJm%2Bwnc9bLfvu1UKEM8R8Z4DKH41lE10BVIhxUdNiUu1zqK9z8mjflIlHdvIFN8tfHbtAvYwnPRM8mdz4%2BoOFCQikVN2sVYjp6mmFKoRTg3FSPxxBD48IP4pIfcVjlVJPfrlJvIuoFrdfeIrYXdFg9hJR2Mk8n%2Fnlj9GsWl8LU2o5cAu4A31tnI3EWE%2Fy7U2gS4dqubOzYcd2fecSPKtgIi%2By1%2B72okzbxmUAmRta2c4fuMrpUwLN5xZEE0SHw6ptMHaB3c2if6nAN81d%2FRMxJ638inX8t5A2nElAkDVzcNyAaQ7e4DxBFGCUC1GMi%2BA%3D%3D","environmentVariables":{"FIREBASE_CONFIG":"{\"projectId\":\"ama-app-a5e7b\",\"storageBucket\":\"ama-app-a5e7b.appspot.com\",\"locationId\":\"us-central\"}","GCLOUD_PROJECT":"ama-app-a5e7b"},"runtime":"nodejs14","ingressSettings":"ALLOW_ALL","buildId":"cd431508-0b90-4339-a352-389d890326c2","buildName":"projects/137084495352/locations/us-central1/builds/cd431508-0b90-4339-a352-389d890326c2","dockerRegistry":"ARTIFACT_REGISTRY"},"versionId":"28","updateTime":"2022-10-14T22:15:46Z","buildId":"b36c77f0-6f26-45ba-8855-1012b4e9c9c1","sourceToken":"68154fef-f4ea-4ba0-af76-7a5bb48aaf91","buildName":"projects/137084495352/locations/us-central1/builds/b36c77f0-6f26-45ba-8855-1012b4e9c9c1"}}
[debug] [2022-10-14T22:18:17.133Z] Got source token 68154fef-f4ea-4ba0-af76-7a5bb48aaf91 for region us-central1
[debug] [2022-10-14T22:18:27.135Z] [update-default-us-central1-addPatientToEclinicalPuppeteer] Retrying task index 0
[debug] [2022-10-14T22:18:27.136Z] >>> [apiv2][query] GET https://cloudfunctions.googleapis.com/v1/operations/YW1hLWFwcC1hNWU3Yi91cy1jZW50cmFsMS9hZGRQYXRpZW50VG9FY2xpbmljYWxQdXBwZXRlZXIvRjJVeTM4WDBjbkE [none]
[debug] [2022-10-14T22:18:27.427Z] <<< [apiv2][status] GET https://cloudfunctions.googleapis.com/v1/operations/YW1hLWFwcC1hNWU3Yi91cy1jZW50cmFsMS9hZGRQYXRpZW50VG9FY2xpbmljYWxQdXBwZXRlZXIvRjJVeTM4WDBjbkE 200
[debug] [2022-10-14T22:18:27.427Z] <<< [apiv2][body] GET https://cloudfunctions.googleapis.com/v1/operations/YW1hLWFwcC1hNWU3Yi91cy1jZW50cmFsMS9hZGRQYXRpZW50VG9FY2xpbmljYWxQdXBwZXRlZXIvRjJVeTM4WDBjbkE {"name":"operations/YW1hLWFwcC1hNWU3Yi91cy1jZW50cmFsMS9hZGRQYXRpZW50VG9FY2xpbmljYWxQdXBwZXRlZXIvRjJVeTM4WDBjbkE","metadata":{"@type":"type.googleapis.com/google.cloud.functions.v1.OperationMetadataV1","target":"projects/ama-app-a5e7b/locations/us-central1/functions/addPatientToEclinicalPuppeteer","type":"UPDATE_FUNCTION","request":{"@type":"type.googleapis.com/google.cloud.functions.v1.CloudFunction","name":"projects/ama-app-a5e7b/locations/us-central1/functions/addPatientToEclinicalPuppeteer","httpsTrigger":{"url":"https://us-central1-ama-app-a5e7b.cloudfunctions.net/addPatientToEclinicalPuppeteer","securityLevel":"SECURE_ALWAYS"},"status":"ACTIVE","entryPoint":"addPatientToEclinicalPuppeteer","timeout":"540s","availableMemoryMb":2048,"serviceAccountEmail":"ama-app-a5e7b@appspot.gserviceaccount.com","updateTime":"2022-10-14T22:11:21.149Z","versionId":"27","labels":{"deployment-tool":"cli-firebase","deployment-callable":"true"},"sourceUploadUrl":"https://storage.googleapis.com/uploads-168178294821.us-central1.cloudfunctions.appspot.com/acdd0b4f-7559-4c76-959b-b6366199361d.zip?GoogleAccessId=service-137084495352@gcf-admin-robot.iam.gserviceaccount.com&Expires=1665787545&Signature=F94MCLWcN3vMWI4MgIFDZCkJm%2Bwnc9bLfvu1UKEM8R8Z4DKH41lE10BVIhxUdNiUu1zqK9z8mjflIlHdvIFN8tfHbtAvYwnPRM8mdz4%2BoOFCQikVN2sVYjp6mmFKoRTg3FSPxxBD48IP4pIfcVjlVJPfrlJvIuoFrdfeIrYXdFg9hJR2Mk8n%2Fnlj9GsWl8LU2o5cAu4A31tnI3EWE%2Fy7U2gS4dqubOzYcd2fecSPKtgIi%2By1%2B72okzbxmUAmRta2c4fuMrpUwLN5xZEE0SHw6ptMHaB3c2if6nAN81d%2FRMxJ638inX8t5A2nElAkDVzcNyAaQ7e4DxBFGCUC1GMi%2BA%3D%3D","environmentVariables":{"FIREBASE_CONFIG":"{\"projectId\":\"ama-app-a5e7b\",\"storageBucket\":\"ama-app-a5e7b.appspot.com\",\"locationId\":\"us-central\"}","GCLOUD_PROJECT":"ama-app-a5e7b"},"runtime":"nodejs14","ingressSettings":"ALLOW_ALL","buildId":"cd431508-0b90-4339-a352-389d890326c2","buildName":"projects/137084495352/locations/us-central1/builds/cd431508-0b90-4339-a352-389d890326c2","dockerRegistry":"ARTIFACT_REGISTRY"},"versionId":"28","updateTime":"2022-10-14T22:15:46Z","buildId":"b36c77f0-6f26-45ba-8855-1012b4e9c9c1","sourceToken":"68154fef-f4ea-4ba0-af76-7a5bb48aaf91","buildName":"projects/137084495352/locations/us-central1/builds/b36c77f0-6f26-45ba-8855-1012b4e9c9c1"}}
[debug] [2022-10-14T22:18:27.427Z] Got source token 68154fef-f4ea-4ba0-af76-7a5bb48aaf91 for region us-central1
[debug] [2022-10-14T22:18:37.429Z] [update-default-us-central1-addPatientToEclinicalPuppeteer] Retrying task index 0
[debug] [2022-10-14T22:18:37.429Z] >>> [apiv2][query] GET https://cloudfunctions.googleapis.com/v1/operations/YW1hLWFwcC1hNWU3Yi91cy1jZW50cmFsMS9hZGRQYXRpZW50VG9FY2xpbmljYWxQdXBwZXRlZXIvRjJVeTM4WDBjbkE [none]
[debug] [2022-10-14T22:18:37.740Z] <<< [apiv2][status] GET https://cloudfunctions.googleapis.com/v1/operations/YW1hLWFwcC1hNWU3Yi91cy1jZW50cmFsMS9hZGRQYXRpZW50VG9FY2xpbmljYWxQdXBwZXRlZXIvRjJVeTM4WDBjbkE 200
[debug] [2022-10-14T22:18:37.740Z] <<< [apiv2][body] GET https://cloudfunctions.googleapis.com/v1/operations/YW1hLWFwcC1hNWU3Yi91cy1jZW50cmFsMS9hZGRQYXRpZW50VG9FY2xpbmljYWxQdXBwZXRlZXIvRjJVeTM4WDBjbkE {"name":"operations/YW1hLWFwcC1hNWU3Yi91cy1jZW50cmFsMS9hZGRQYXRpZW50VG9FY2xpbmljYWxQdXBwZXRlZXIvRjJVeTM4WDBjbkE","metadata":{"@type":"type.googleapis.com/google.cloud.functions.v1.OperationMetadataV1","target":"projects/ama-app-a5e7b/locations/us-central1/functions/addPatientToEclinicalPuppeteer","type":"UPDATE_FUNCTION","request":{"@type":"type.googleapis.com/google.cloud.functions.v1.CloudFunction","name":"projects/ama-app-a5e7b/locations/us-central1/functions/addPatientToEclinicalPuppeteer","httpsTrigger":{"url":"https://us-central1-ama-app-a5e7b.cloudfunctions.net/addPatientToEclinicalPuppeteer","securityLevel":"SECURE_ALWAYS"},"status":"ACTIVE","entryPoint":"addPatientToEclinicalPuppeteer","timeout":"540s","availableMemoryMb":2048,"serviceAccountEmail":"ama-app-a5e7b@appspot.gserviceaccount.com","updateTime":"2022-10-14T22:11:21.149Z","versionId":"27","labels":{"deployment-tool":"cli-firebase","deployment-callable":"true"},"sourceUploadUrl":"https://storage.googleapis.com/uploads-168178294821.us-central1.cloudfunctions.appspot.com/acdd0b4f-7559-4c76-959b-b6366199361d.zip?GoogleAccessId=service-137084495352@gcf-admin-robot.iam.gserviceaccount.com&Expires=1665787545&Signature=F94MCLWcN3vMWI4MgIFDZCkJm%2Bwnc9bLfvu1UKEM8R8Z4DKH41lE10BVIhxUdNiUu1zqK9z8mjflIlHdvIFN8tfHbtAvYwnPRM8mdz4%2BoOFCQikVN2sVYjp6mmFKoRTg3FSPxxBD48IP4pIfcVjlVJPfrlJvIuoFrdfeIrYXdFg9hJR2Mk8n%2Fnlj9GsWl8LU2o5cAu4A31tnI3EWE%2Fy7U2gS4dqubOzYcd2fecSPKtgIi%2By1%2B72okzbxmUAmRta2c4fuMrpUwLN5xZEE0SHw6ptMHaB3c2if6nAN81d%2FRMxJ638inX8t5A2nElAkDVzcNyAaQ7e4DxBFGCUC1GMi%2BA%3D%3D","environmentVariables":{"FIREBASE_CONFIG":"{\"projectId\":\"ama-app-a5e7b\",\"storageBucket\":\"ama-app-a5e7b.appspot.com\",\"locationId\":\"us-central\"}","GCLOUD_PROJECT":"ama-app-a5e7b"},"runtime":"nodejs14","ingressSettings":"ALLOW_ALL","buildId":"cd431508-0b90-4339-a352-389d890326c2","buildName":"projects/137084495352/locations/us-central1/builds/cd431508-0b90-4339-a352-389d890326c2","dockerRegistry":"ARTIFACT_REGISTRY"},"versionId":"28","updateTime":"2022-10-14T22:18:34Z","buildId":"b36c77f0-6f26-45ba-8855-1012b4e9c9c1","sourceToken":"68154fef-f4ea-4ba0-af76-7a5bb48aaf91","buildName":"projects/137084495352/locations/us-central1/builds/b36c77f0-6f26-45ba-8855-1012b4e9c9c1"},"done":true,"response":{"@type":"type.googleapis.com/google.cloud.functions.v1.CloudFunction","name":"projects/ama-app-a5e7b/locations/us-central1/functions/addPatientToEclinicalPuppeteer","httpsTrigger":{"url":"https://us-central1-ama-app-a5e7b.cloudfunctions.net/addPatientToEclinicalPuppeteer","securityLevel":"SECURE_ALWAYS"},"status":"ACTIVE","entryPoint":"addPatientToEclinicalPuppeteer","timeout":"540s","availableMemoryMb":2048,"serviceAccountEmail":"ama-app-a5e7b@appspot.gserviceaccount.com","updateTime":"2022-10-14T22:18:34.758Z","versionId":"28","labels":{"deployment-tool":"cli-firebase","deployment-callable":"true"},"sourceUploadUrl":"https://storage.googleapis.com/uploads-168178294821.us-central1.cloudfunctions.appspot.com/acdd0b4f-7559-4c76-959b-b6366199361d.zip","environmentVariables":{"FIREBASE_CONFIG":"{\"projectId\":\"ama-app-a5e7b\",\"storageBucket\":\"ama-app-a5e7b.appspot.com\",\"locationId\":\"us-central\"}","GCLOUD_PROJECT":"ama-app-a5e7b"},"runtime":"nodejs14","ingressSettings":"ALLOW_ALL","buildId":"b36c77f0-6f26-45ba-8855-1012b4e9c9c1","buildName":"projects/137084495352/locations/us-central1/builds/b36c77f0-6f26-45ba-8855-1012b4e9c9c1","dockerRegistry":"ARTIFACT_REGISTRY"}}
[debug] [2022-10-14T22:18:37.740Z] Got source token 68154fef-f4ea-4ba0-af76-7a5bb48aaf91 for region us-central1
[info] ✔  functions[addPatientToEclinicalPuppeteer(us-central1)] Successful update operation. 
[debug] [2022-10-14T22:18:37.748Z] Total Function Deployment time: 171676
[debug] [2022-10-14T22:18:37.748Z] 1 Functions Deployed
[debug] [2022-10-14T22:18:37.748Z] 0 Functions Errored
[debug] [2022-10-14T22:18:37.748Z] 0 Function Deployments Aborted
[debug] [2022-10-14T22:18:37.748Z] Average Function Deployment time: 171675
[info] i  functions: cleaning up build files... 
[debug] [2022-10-14T22:18:38.001Z] >>> [apiv2][query] DELETE https://artifactregistry.googleapis.com/v1beta2/projects/ama-app-a5e7b/locations/us-central1/repositories/gcf-artifacts/packages/hello_world [none]
[debug] [2022-10-14T22:18:38.002Z] >>> [apiv2][query] DELETE https://artifactregistry.googleapis.com/v1beta2/projects/ama-app-a5e7b/locations/us-central1/repositories/gcf-artifacts/packages/send_message [none]
[debug] [2022-10-14T22:18:38.002Z] >>> [apiv2][query] DELETE https://artifactregistry.googleapis.com/v1beta2/projects/ama-app-a5e7b/locations/us-central1/repositories/gcf-artifacts/packages/add_patient_to_eclinical [none]
[debug] [2022-10-14T22:18:38.003Z] >>> [apiv2][query] DELETE https://artifactregistry.googleapis.com/v1beta2/projects/ama-app-a5e7b/locations/us-central1/repositories/gcf-artifacts/packages/add_patient_to_eclinical_puppeteer [none]
[debug] [2022-10-14T22:18:38.003Z] >>> [apiv2][query] GET https://us.gcr.io/v2/ama-app-a5e7b/gcf/us-central1/tags/list [none]
[debug] [2022-10-14T22:18:38.336Z] <<< [apiv2][status] GET https://us.gcr.io/v2/ama-app-a5e7b/gcf/us-central1/tags/list 200
[debug] [2022-10-14T22:18:38.336Z] <<< [apiv2][body] GET https://us.gcr.io/v2/ama-app-a5e7b/gcf/us-central1/tags/list {"child":[],"manifest":{},"name":"ama-app-a5e7b/gcf/us-central1","tags":[]}
[debug] [2022-10-14T22:18:38.337Z] Could not find image for function projects/ama-app-a5e7b/locations/us-central1/functions/helloWorld
[debug] [2022-10-14T22:18:38.337Z] Could not find image for function projects/ama-app-a5e7b/locations/us-central1/functions/sendMessage
[debug] [2022-10-14T22:18:38.337Z] Could not find image for function projects/ama-app-a5e7b/locations/us-central1/functions/addPatientToEclinical
[debug] [2022-10-14T22:18:38.337Z] Could not find image for function projects/ama-app-a5e7b/locations/us-central1/functions/addPatientToEclinicalPuppeteer
[debug] [2022-10-14T22:18:38.576Z] <<< [apiv2][status] DELETE https://artifactregistry.googleapis.com/v1beta2/projects/ama-app-a5e7b/locations/us-central1/repositories/gcf-artifacts/packages/hello_world 404
[debug] [2022-10-14T22:18:38.576Z] <<< [apiv2][body] DELETE https://artifactregistry.googleapis.com/v1beta2/projects/ama-app-a5e7b/locations/us-central1/repositories/gcf-artifacts/packages/hello_world {"error":{"code":404,"message":"Package \"projects/ama-app-a5e7b/locations/us-central1/repositories/gcf-artifacts/packages/hello_world\" was not found.","status":"NOT_FOUND"}}
[debug] [2022-10-14T22:18:38.577Z] <<< [apiv2][status] DELETE https://artifactregistry.googleapis.com/v1beta2/projects/ama-app-a5e7b/locations/us-central1/repositories/gcf-artifacts/packages/add_patient_to_eclinical_puppeteer 200
[debug] [2022-10-14T22:18:38.577Z] <<< [apiv2][body] DELETE https://artifactregistry.googleapis.com/v1beta2/projects/ama-app-a5e7b/locations/us-central1/repositories/gcf-artifacts/packages/add_patient_to_eclinical_puppeteer {"name":"projects/ama-app-a5e7b/locations/us-central1/operations/cb133e02-2719-4aaf-a89a-1e17c46d2881","metadata":{"@type":"type.googleapis.com/google.devtools.artifactregistry.v1beta2.OperationMetadata"}}
[debug] [2022-10-14T22:18:38.578Z] >>> [apiv2][query] GET https://artifactregistry.googleapis.com/v1beta2/projects/ama-app-a5e7b/locations/us-central1/operations/cb133e02-2719-4aaf-a89a-1e17c46d2881 [none]
[debug] [2022-10-14T22:18:38.579Z] <<< [apiv2][status] DELETE https://artifactregistry.googleapis.com/v1beta2/projects/ama-app-a5e7b/locations/us-central1/repositories/gcf-artifacts/packages/send_message 404
[debug] [2022-10-14T22:18:38.579Z] <<< [apiv2][body] DELETE https://artifactregistry.googleapis.com/v1beta2/projects/ama-app-a5e7b/locations/us-central1/repositories/gcf-artifacts/packages/send_message {"error":{"code":404,"message":"Package \"projects/ama-app-a5e7b/locations/us-central1/repositories/gcf-artifacts/packages/send_message\" was not found.","status":"NOT_FOUND"}}
[debug] [2022-10-14T22:18:38.579Z] <<< [apiv2][status] DELETE https://artifactregistry.googleapis.com/v1beta2/projects/ama-app-a5e7b/locations/us-central1/repositories/gcf-artifacts/packages/add_patient_to_eclinical 404
[debug] [2022-10-14T22:18:38.580Z] <<< [apiv2][body] DELETE https://artifactregistry.googleapis.com/v1beta2/projects/ama-app-a5e7b/locations/us-central1/repositories/gcf-artifacts/packages/add_patient_to_eclinical {"error":{"code":404,"message":"Package \"projects/ama-app-a5e7b/locations/us-central1/repositories/gcf-artifacts/packages/add_patient_to_eclinical\" was not found.","status":"NOT_FOUND"}}
[debug] [2022-10-14T22:18:38.961Z] <<< [apiv2][status] GET https://artifactregistry.googleapis.com/v1beta2/projects/ama-app-a5e7b/locations/us-central1/operations/cb133e02-2719-4aaf-a89a-1e17c46d2881 200
[debug] [2022-10-14T22:18:38.961Z] <<< [apiv2][body] GET https://artifactregistry.googleapis.com/v1beta2/projects/ama-app-a5e7b/locations/us-central1/operations/cb133e02-2719-4aaf-a89a-1e17c46d2881 {"name":"projects/ama-app-a5e7b/locations/us-central1/operations/cb133e02-2719-4aaf-a89a-1e17c46d2881","metadata":{"@type":"type.googleapis.com/google.devtools.artifactregistry.v1beta2.OperationMetadata"},"done":true,"response":{"@type":"type.googleapis.com/google.protobuf.Empty"}}
[info] 
[info] ✔  Deploy complete! 
[info] 
[info] Project Console: https://console.firebase.google.com/project/ama-app-a5e7b/overview
